07-02-2018 05:45:36    Not enough series data for BTC-GNO
07-02-2018 05:45:36    Saving data for BTC-GNT
07-02-2018 05:45:36    Not enough series data for BTC-GNT
07-02-2018 05:45:36    Saving data for BTC-GOLOS
07-02-2018 05:45:36    Not enough series data for BTC-GOLOS
07-02-2018 05:45:36    Saving data for BTC-INFX
07-02-2018 05:45:36    Not enough series data for BTC-INFX
07-02-2018 05:45:36    Saving data for BTC-IOC
07-02-2018 05:45:36    Not enough series data for BTC-IOC
07-02-2018 05:45:36    Saving data for BTC-LMC
07-02-2018 05:45:36    Not enough series data for BTC-LMC
07-02-2018 05:45:36    Saving data for BTC-LSK
07-02-2018 05:45:36    Not enough series data for BTC-LSK
07-02-2018 05:45:36    Saving data for BTC-LTC
07-02-2018 05:45:36    Not enough series data for BTC-LTC
07-02-2018 05:45:36    Saving data for BTC-LUN
07-02-2018 05:45:36    Not enough series data for BTC-LUN
07-02-2018 05:45:37    Saving data for BTC-LGD
07-02-2018 05:45:37    Not enough series data for BTC-LGD
07-02-2018 05:45:37    Saving data for BTC-LBC
07-02-2018 05:45:37    Not enough series data for BTC-LBC
07-02-2018 05:45:37    Saving data for BTC-ION
07-02-2018 05:45:37    Not enough series data for BTC-ION
07-02-2018 05:45:37    Saving data for BTC-IOP
07-02-2018 05:45:37    Not enough series data for BTC-IOP
07-02-2018 05:45:37    Saving data for BTC-KMD
07-02-2018 05:45:37    Not enough series data for BTC-KMD
07-02-2018 05:45:37    Saving data for BTC-KORE
07-02-2018 05:45:37    Not enough series data for BTC-KORE
07-02-2018 05:45:37    Saving data for BTC-GEO
07-02-2018 05:45:37    Not enough series data for BTC-GEO
07-02-2018 05:45:37    Saving data for BTC-GRS
07-02-2018 05:45:37    Not enough series data for BTC-GRS
07-02-2018 05:45:37    Saving data for BTC-ENRG
07-02-2018 05:45:37    Not enough series data for BTC-ENRG
07-02-2018 05:45:37    Saving data for BTC-ERC
07-02-2018 05:45:37    Not enough series data for BTC-ERC
07-02-2018 05:45:37    Saving data for BTC-ETC
07-02-2018 05:45:37    Not enough series data for BTC-ETC
07-02-2018 05:45:37    Saving data for BTC-ETH
07-02-2018 05:45:37    Not enough series data for BTC-ETH
07-02-2018 05:45:37    Saving data for BTC-ENG
07-02-2018 05:45:38    Not enough series data for BTC-ENG
07-02-2018 05:45:38    Saving data for BTC-GCR
07-02-2018 05:45:38    Not enough series data for BTC-GCR
07-02-2018 05:45:38    Saving data for BTC-EDG
07-02-2018 05:45:38    Not enough series data for BTC-EDG
07-02-2018 05:45:38    Saving data for BTC-EFL
07-02-2018 05:45:38    Not enough series data for BTC-EFL
07-02-2018 05:45:38    Saving data for BTC-EGC
07-02-2018 05:45:38    Not enough series data for BTC-EGC
07-02-2018 05:45:38    Saving data for BTC-EMC
07-02-2018 05:45:38    Not enough series data for BTC-EMC
07-02-2018 05:45:38    Saving data for BTC-EXCL
07-02-2018 05:45:38    Not enough series data for BTC-EXCL
07-02-2018 05:45:38    Saving data for BTC-EMC2
07-02-2018 05:45:38    Not enough series data for BTC-EMC2
07-02-2018 05:45:38    Saving data for BTC-GAM
07-02-2018 05:45:38    Not enough series data for BTC-GAM
07-02-2018 05:45:38    Saving data for BTC-GAME
07-02-2018 05:45:38    Not enough series data for BTC-GAME
07-02-2018 05:45:38    Saving data for BTC-GBG
07-02-2018 05:45:38    Not enough series data for BTC-GBG
07-02-2018 05:45:38    Saving data for BTC-EXP
07-02-2018 05:45:38    Not enough series data for BTC-EXP
07-02-2018 05:45:38    Saving data for BTC-FUN
07-02-2018 05:45:38    Not enough series data for BTC-FUN
07-02-2018 05:45:39    Saving data for BTC-GBYTE
07-02-2018 05:45:39    Not enough series data for BTC-GBYTE
07-02-2018 05:45:39    Saving data for BTC-FTC
07-02-2018 05:45:39    Not enough series data for BTC-FTC
07-02-2018 05:45:39    Saving data for BTC-FCT
07-02-2018 05:45:39    Not enough series data for BTC-FCT
07-02-2018 05:45:39    Saving data for BTC-FAIR
07-02-2018 05:45:39    Not enough series data for BTC-FAIR
07-02-2018 05:45:39    Saving data for BTC-FLDC
07-02-2018 05:45:39    Not enough series data for BTC-FLDC
07-02-2018 05:45:39    Saving data for BTC-FLO
07-02-2018 05:45:39    Not enough series data for BTC-FLO
07-02-2018 05:45:39    Saving data for USDT-XVG
07-02-2018 05:45:39    Not enough series data for USDT-XVG
07-02-2018 05:45:39    Saving data for USDT-NXT
07-02-2018 05:45:39    Not enough series data for USDT-NXT
07-02-2018 05:45:39    Saving data for USDT-ETC
07-02-2018 05:45:39    Not enough series data for USDT-ETC
07-02-2018 05:45:39    Saving data for USDT-LTC
07-02-2018 05:45:39    Not enough series data for USDT-LTC
07-02-2018 05:45:39    Saving data for USDT-DASH
07-02-2018 05:45:39    Not enough series data for USDT-DASH
07-02-2018 05:45:39    Saving data for USDT-XMR
07-02-2018 05:45:39    Not enough series data for USDT-XMR
07-02-2018 05:45:39    Saving data for USDT-ETH
07-02-2018 05:45:39    Not enough series data for USDT-ETH
07-02-2018 05:45:40    Saving data for USDT-BTG
07-02-2018 05:45:40    Not enough series data for USDT-BTG
07-02-2018 05:45:40    Saving data for USDT-NEO
07-02-2018 05:45:40    Not enough series data for USDT-NEO
07-02-2018 05:45:40    Saving data for USDT-BTC
07-02-2018 05:45:40    Not enough series data for USDT-BTC
07-02-2018 05:45:40    Saving data for USDT-OMG
07-02-2018 05:45:40    Not enough series data for USDT-OMG
07-02-2018 05:45:40    Saving data for USDT-ADA
07-02-2018 05:45:40    Not enough series data for USDT-ADA
07-02-2018 05:45:40    Saving data for USDT-XRP
07-02-2018 05:45:40    Not enough series data for USDT-XRP
07-02-2018 05:45:40    Saving data for USDT-BCC
07-02-2018 05:45:40    Not enough series data for USDT-BCC
07-02-2018 05:45:40    Saving data for USDT-ZEC
07-02-2018 05:45:40    Not enough series data for USDT-ZEC
07-02-2018 05:45:40    DONE
07-02-2018 05:45:42    STARTING
07-02-2018 05:45:42    PROCESS Getting markets
07-02-2018 05:45:44    PROCESS Got markets
07-02-2018 05:45:44    Saving data for BTC-QTUM
07-02-2018 05:45:44    Not enough series data for BTC-QTUM
07-02-2018 05:45:44    Saving data for BTC-QRL
07-02-2018 05:45:44    Not enough series data for BTC-QRL
07-02-2018 05:45:44    Saving data for BTC-QWARK
07-02-2018 05:45:44    Not enough series data for BTC-QWARK
07-02-2018 05:45:44    Saving data for BTC-RADS
07-02-2018 05:45:44    Not enough series data for BTC-RADS
07-02-2018 05:45:44    Saving data for BTC-RBY
07-02-2018 05:45:44    Not enough series data for BTC-RBY
07-02-2018 05:45:44    Saving data for BTC-PTOY
07-02-2018 05:45:44    Not enough series data for BTC-PTOY
07-02-2018 05:45:44    Saving data for BTC-PTC
07-02-2018 05:45:44    Not enough series data for BTC-PTC
07-02-2018 05:45:44    Saving data for BTC-PKB
07-02-2018 05:45:44    Not enough series data for BTC-PKB
07-02-2018 05:45:44    Saving data for BTC-POT
07-02-2018 05:45:44    Not enough series data for BTC-POT
07-02-2018 05:45:44    Saving data for BTC-POWR
07-02-2018 05:45:44    Not enough series data for BTC-POWR
07-02-2018 05:45:45    Saving data for BTC-PPC
07-02-2018 05:45:45    Not enough series data for BTC-PPC
07-02-2018 05:45:45    Saving data for BTC-RCN
07-02-2018 05:45:45    Not enough series data for BTC-RCN
07-02-2018 05:45:45    Saving data for BTC-RDD
07-02-2018 05:45:45    Not enough series data for BTC-RDD
07-02-2018 05:45:45    Saving data for BTC-SEQ
07-02-2018 05:45:45    Not enough series data for BTC-SEQ
07-02-2018 05:45:45    Saving data for BTC-SHIFT
07-02-2018 05:45:45    Not enough series data for BTC-SHIFT
07-02-2018 05:45:45    Saving data for BTC-SIB
07-02-2018 05:45:45    Not enough series data for BTC-SIB
07-02-2018 05:45:45    Saving data for BTC-SLR
07-02-2018 05:45:45    Not enough series data for BTC-SLR
07-02-2018 05:45:45    Saving data for BTC-SC
07-02-2018 05:45:45    Not enough series data for BTC-SC
07-02-2018 05:45:45    Saving data for BTC-SBD
07-02-2018 05:45:45    Not enough series data for BTC-SBD
07-02-2018 05:45:45    Saving data for BTC-REP
07-02-2018 05:45:45    Not enough series data for BTC-REP
07-02-2018 05:45:45    Saving data for BTC-RISE
07-02-2018 05:45:45    Not enough series data for BTC-RISE
07-02-2018 05:45:45    Saving data for BTC-RLC
07-02-2018 05:45:45    Not enough series data for BTC-RLC
07-02-2018 05:45:45    Saving data for BTC-SALT
07-02-2018 05:45:46    Not enough series data for BTC-SALT
07-02-2018 05:45:46    Saving data for BTC-PIVX
07-02-2018 05:45:46    Not enough series data for BTC-PIVX
07-02-2018 05:45:46    Saving data for BTC-PINK
07-02-2018 05:45:46    Not enough series data for BTC-PINK
07-02-2018 05:45:46    Saving data for BTC-MUSIC
07-02-2018 05:45:46    Not enough series data for BTC-MUSIC
07-02-2018 05:45:46    Saving data for BTC-NAV
07-02-2018 05:45:46    Not enough series data for BTC-NAV
07-02-2018 05:45:46    Saving data for BTC-NBT
07-02-2018 05:45:46    Not enough series data for BTC-NBT
07-02-2018 05:45:46    Saving data for BTC-NEO
07-02-2018 05:45:46    Not enough series data for BTC-NEO
07-02-2018 05:45:46    Saving data for BTC-1ST
07-02-2018 05:45:46    Not enough series data for BTC-1ST
07-02-2018 05:45:46    Saving data for BTC-MONA
07-02-2018 05:45:46    Not enough series data for BTC-MONA
07-02-2018 05:45:46    Saving data for BTC-MCO
07-02-2018 05:45:46    Not enough series data for BTC-MCO
07-02-2018 05:45:47    Saving data for BTC-MEME
07-02-2018 05:45:47    Not enough series data for BTC-MEME
07-02-2018 05:45:47    Saving data for BTC-MER
07-02-2018 05:45:47    Not enough series data for BTC-MER
07-02-2018 05:45:47    Saving data for BTC-MLN
07-02-2018 05:45:47    Not enough series data for BTC-MLN
07-02-2018 05:45:47    Saving data for BTC-NEOS
07-02-2018 05:45:47    Not enough series data for BTC-NEOS
07-02-2018 05:45:47    Saving data for BTC-NLG
07-02-2018 05:45:47    Not enough series data for BTC-NLG
07-02-2018 05:45:47    Saving data for BTC-OMNI
07-02-2018 05:45:47    Not enough series data for BTC-OMNI
07-02-2018 05:45:47    Saving data for BTC-PART
07-02-2018 05:45:47    Not enough series data for BTC-PART
07-02-2018 05:45:47    Saving data for BTC-PAY
07-02-2018 05:45:47    Not enough series data for BTC-PAY
07-02-2018 05:45:47    Saving data for BTC-PDC
07-02-2018 05:45:47    Not enough series data for BTC-PDC
07-02-2018 05:45:47    Saving data for BTC-OMG
07-02-2018 05:45:48    Not enough series data for BTC-OMG
07-02-2018 05:45:48    Saving data for BTC-OK
07-02-2018 05:45:48    Not enough series data for BTC-OK
07-02-2018 05:45:48    Saving data for BTC-NMR
07-02-2018 05:45:48    Not enough series data for BTC-NMR
07-02-2018 05:45:48    Saving data for BTC-NXC
07-02-2018 05:45:48    Not enough series data for BTC-NXC
07-02-2018 05:45:48    Saving data for BTC-NXS
07-02-2018 05:45:48    Not enough series data for BTC-NXS
07-02-2018 05:45:48    Saving data for BTC-NXT
07-02-2018 05:45:48    Not enough series data for BTC-NXT
07-02-2018 05:45:48    Saving data for BTC-SLS
07-02-2018 05:45:48    Not enough series data for BTC-SLS
07-02-2018 05:45:48    Saving data for BTC-SNRG
07-02-2018 05:45:48    Not enough series data for BTC-SNRG
07-02-2018 05:45:48    Saving data for BTC-XDN
07-02-2018 05:45:48    Not enough series data for BTC-XDN
07-02-2018 05:45:48    Saving data for BTC-XEL
07-02-2018 05:45:48    Not enough series data for BTC-XEL
07-02-2018 05:45:48    Saving data for BTC-XEM
07-02-2018 05:45:48    Not enough series data for BTC-XEM
07-02-2018 05:45:48    Saving data for BTC-XLM
07-02-2018 05:45:48    Not enough series data for BTC-XLM
07-02-2018 05:45:49    Saving data for BTC-XCP
07-02-2018 05:45:49    Not enough series data for BTC-XCP
07-02-2018 05:45:49    Saving data for BTC-WINGS
07-02-2018 05:45:49    Not enough series data for BTC-WINGS
07-02-2018 05:45:49    Saving data for BTC-VRM
07-02-2018 05:45:49    Not enough series data for BTC-VRM
07-02-2018 05:45:49    Saving data for BTC-VTC
07-02-2018 05:45:49    Not enough series data for BTC-VTC
07-02-2018 05:45:49    Saving data for BTC-VTR
07-02-2018 05:45:49    Not enough series data for BTC-VTR
07-02-2018 05:45:49    Saving data for BTC-WAVES
07-02-2018 05:45:49    Not enough series data for BTC-WAVES
07-02-2018 05:45:49    Saving data for BTC-XMG
07-02-2018 05:45:49    Not enough series data for BTC-XMG
07-02-2018 05:45:49    Saving data for BTC-XMR
07-02-2018 05:45:49    Not enough series data for BTC-XMR
07-02-2018 05:45:49    Saving data for BTC-XZC
07-02-2018 05:45:49    Not enough series data for BTC-XZC
07-02-2018 05:45:50    Saving data for BTC-ZCL
07-02-2018 05:45:50    Not enough series data for BTC-ZCL
07-02-2018 05:45:50    Saving data for BTC-ZEC
07-02-2018 05:45:50    Not enough series data for BTC-ZEC
07-02-2018 05:45:50    Saving data for BTC-ZEN
07-02-2018 05:45:50    Not enough series data for BTC-ZEN
07-02-2018 05:45:50    Saving data for BTC-XWC
07-02-2018 05:45:50    Not enough series data for BTC-XWC
07-02-2018 05:45:50    Saving data for BTC-XVG
07-02-2018 05:45:50    Not enough series data for BTC-XVG
07-02-2018 05:45:50    Saving data for BTC-XMY
07-02-2018 05:45:50    Not enough series data for BTC-XMY
07-02-2018 05:45:50    Saving data for BTC-XRP
07-02-2018 05:45:50    Not enough series data for BTC-XRP
07-02-2018 05:45:50    Saving data for BTC-XST
07-02-2018 05:45:50    Not enough series data for BTC-XST
07-02-2018 05:45:50    Saving data for BTC-XVC
07-02-2018 05:45:50    Not enough series data for BTC-XVC
07-02-2018 05:45:50    Saving data for BTC-VRC
07-02-2018 05:45:50    Not enough series data for BTC-VRC
07-02-2018 05:45:50    Saving data for BTC-VOX
07-02-2018 05:45:51    Not enough series data for BTC-VOX
07-02-2018 05:45:51    Saving data for BTC-STRAT
07-02-2018 05:45:51    Not enough series data for BTC-STRAT
07-02-2018 05:45:51    Saving data for BTC-SWIFT
07-02-2018 05:45:51    Not enough series data for BTC-SWIFT
07-02-2018 05:45:51    Saving data for BTC-SWT
07-02-2018 05:45:51    Not enough series data for BTC-SWT
07-02-2018 05:45:51    Saving data for BTC-SYNX
07-02-2018 05:45:51    Not enough series data for BTC-SYNX
07-02-2018 05:45:51    Saving data for BTC-STORJ
07-02-2018 05:45:51    Not enough series data for BTC-STORJ
07-02-2018 05:45:51    Saving data for BTC-STEEM
07-02-2018 05:45:51    Not enough series data for BTC-STEEM
07-02-2018 05:45:51    Saving data for BTC-SNT
07-02-2018 05:45:51    Not enough series data for BTC-SNT
07-02-2018 05:45:51    Saving data for BTC-SPHR
07-02-2018 05:45:51    Not enough series data for BTC-SPHR
07-02-2018 05:45:51    Saving data for BTC-SPR
07-02-2018 05:45:51    Not enough series data for BTC-SPR
07-02-2018 05:45:51    Saving data for BTC-START
07-02-2018 05:45:51    Not enough series data for BTC-START
07-02-2018 05:45:51    Saving data for BTC-SYS
07-02-2018 05:45:51    Not enough series data for BTC-SYS
07-02-2018 05:45:51    Saving data for BTC-THC
07-02-2018 05:45:51    Not enough series data for BTC-THC
07-02-2018 05:45:52    Saving data for BTC-UKG
07-02-2018 05:45:52    Not enough series data for BTC-UKG
07-02-2018 05:45:52    Saving data for BTC-UNB
07-02-2018 05:45:52    Not enough series data for BTC-UNB
07-02-2018 05:45:52    Saving data for BTC-VIA
07-02-2018 05:45:52    Not enough series data for BTC-VIA
07-02-2018 05:45:52    Saving data for BTC-VIB
07-02-2018 05:45:52    Not enough series data for BTC-VIB
07-02-2018 05:45:52    Saving data for BTC-UBQ
07-02-2018 05:45:52    Not enough series data for BTC-UBQ
07-02-2018 05:45:52    Saving data for BTC-TX
07-02-2018 05:45:52    Not enough series data for BTC-TX
07-02-2018 05:45:52    Saving data for BTC-TIX
07-02-2018 05:45:52    Not enough series data for BTC-TIX
07-02-2018 05:45:52    Saving data for BTC-TKS
07-02-2018 05:45:52    Not enough series data for BTC-TKS
07-02-2018 05:45:52    Saving data for BTC-TRST
07-02-2018 05:45:52    Not enough series data for BTC-TRST
07-02-2018 05:45:52    Saving data for BTC-TRUST
07-02-2018 05:45:52    Not enough series data for BTC-TRUST
07-02-2018 05:45:52    Saving data for BTC-MANA
07-02-2018 05:45:52    Not enough series data for BTC-MANA
07-02-2018 05:45:52    Saving data for BTC-MUE
07-02-2018 05:45:52    Not enough series data for BTC-MUE
07-02-2018 05:45:52    Saving data for BTC-CLUB
07-02-2018 05:45:52    Not enough series data for BTC-CLUB
07-02-2018 05:45:52    Saving data for BTC-CLOAK
07-02-2018 05:45:52    Not enough series data for BTC-CLOAK
07-02-2018 05:45:53    Saving data for BTC-COVAL
07-02-2018 05:45:53    Not enough series data for BTC-COVAL
07-02-2018 05:45:53    Saving data for BTC-CPC
07-02-2018 05:45:53    Not enough series data for BTC-CPC
07-02-2018 05:45:53    Saving data for BTC-CRB
07-02-2018 05:45:53    Not enough series data for BTC-CRB
07-02-2018 05:45:53    Saving data for BTC-CLAM
07-02-2018 05:45:53    Not enough series data for BTC-CLAM
07-02-2018 05:45:53    Saving data for BTC-CFI
07-02-2018 05:45:53    Not enough series data for BTC-CFI
07-02-2018 05:45:53    Saving data for BTC-BTG
07-02-2018 05:45:53    Not enough series data for BTC-BTG
07-02-2018 05:45:53    Saving data for BTC-BURST
07-02-2018 05:45:53    Not enough series data for BTC-BURST
07-02-2018 05:45:53    Saving data for BTC-BYC
07-02-2018 05:45:53    Not enough series data for BTC-BYC
07-02-2018 05:45:53    Saving data for BTC-CANN
07-02-2018 05:45:53    Not enough series data for BTC-CANN
07-02-2018 05:45:53    Saving data for BTC-CRW
07-02-2018 05:45:53    Not enough series data for BTC-CRW
07-02-2018 05:45:53    Saving data for BTC-CURE
07-02-2018 05:45:54    Not enough series data for BTC-CURE
07-02-2018 05:45:54    Saving data for BTC-DNT
07-02-2018 05:45:54    Not enough series data for BTC-DNT
07-02-2018 05:45:54    Saving data for BTC-DOGE
07-02-2018 05:45:54    Not enough series data for BTC-DOGE
07-02-2018 05:45:54    Saving data for BTC-DOPE
07-02-2018 05:45:54    Not enough series data for BTC-DOPE
07-02-2018 05:45:54    Saving data for BTC-DTB
07-02-2018 05:45:54    Not enough series data for BTC-DTB
07-02-2018 05:45:54    Saving data for BTC-DMD
07-02-2018 05:45:54    Not enough series data for BTC-DMD
07-02-2018 05:45:54    Saving data for BTC-DGB
07-02-2018 05:45:54    Not enough series data for BTC-DGB
07-02-2018 05:45:54    Saving data for BTC-CVC
07-02-2018 05:45:54    Not enough series data for BTC-CVC
07-02-2018 05:45:54    Saving data for BTC-DASH
07-02-2018 05:45:54    Not enough series data for BTC-DASH
07-02-2018 05:45:54    Saving data for BTC-DCR
07-02-2018 05:45:54    Not enough series data for BTC-DCR
07-02-2018 05:45:54    Saving data for BTC-MAID
07-02-2018 05:45:55    Not enough series data for BTC-MAID
07-02-2018 05:45:55    Saving data for BTC-BSD
07-02-2018 05:45:55    Not enough series data for BTC-BSD
07-02-2018 05:45:55    Saving data for BTC-BRX
07-02-2018 05:45:55    Not enough series data for BTC-BRX
07-02-2018 05:45:55    Saving data for BTC-AGRS
07-02-2018 05:45:55    Not enough series data for BTC-AGRS
07-02-2018 05:45:55    Saving data for BTC-AMP
07-02-2018 05:45:55    Not enough series data for BTC-AMP
07-02-2018 05:45:55    Saving data for BTC-ANT
07-02-2018 05:45:55    Not enough series data for BTC-ANT
07-02-2018 05:45:55    Saving data for BTC-ARDR
07-02-2018 05:45:55    Not enough series data for BTC-ARDR
07-02-2018 05:45:55    Saving data for BTC-AEON
07-02-2018 05:45:55    Not enough series data for BTC-AEON
07-02-2018 05:45:55    Saving data for BTC-ADX
07-02-2018 05:45:55    Not enough series data for BTC-ADX
07-02-2018 05:45:55    Saving data for BTC-2GIVE
07-02-2018 05:45:55    Not enough series data for BTC-2GIVE
07-02-2018 05:45:55    Saving data for BTC-ABY
07-02-2018 05:45:55    Not enough series data for BTC-ABY
07-02-2018 05:45:56    Saving data for BTC-ADA
07-02-2018 05:45:56    Not enough series data for BTC-ADA
07-02-2018 05:45:56    Saving data for BTC-ADT
07-02-2018 05:45:56    Not enough series data for BTC-ADT
07-02-2018 05:45:56    Saving data for BTC-ARK
07-02-2018 05:45:56    Not enough series data for BTC-ARK
07-02-2018 05:45:56    Saving data for BTC-AUR
07-02-2018 05:45:56    Not enough series data for BTC-AUR
07-02-2018 05:45:56    Saving data for BTC-BLK
07-02-2018 05:45:56    Not enough series data for BTC-BLK
07-02-2018 05:45:56    Saving data for BTC-BLOCK
07-02-2018 05:45:56    Not enough series data for BTC-BLOCK
07-02-2018 05:45:56    Saving data for BTC-BNT
07-02-2018 05:45:56    Not enough series data for BTC-BNT
07-02-2018 05:45:56    Saving data for BTC-BRK
07-02-2018 05:45:56    Not enough series data for BTC-BRK
07-02-2018 05:45:56    Saving data for BTC-BLITZ
07-02-2018 05:45:56    Not enough series data for BTC-BLITZ
07-02-2018 05:45:57    Saving data for BTC-BITB
07-02-2018 05:45:57    Not enough series data for BTC-BITB
07-02-2018 05:45:57    Saving data for BTC-BAT
07-02-2018 05:45:57    Not enough series data for BTC-BAT
07-02-2018 05:45:57    Saving data for BTC-BAY
07-02-2018 05:45:57    Not enough series data for BTC-BAY
07-02-2018 05:45:57    Saving data for BTC-BCC
07-02-2018 05:45:57    Not enough series data for BTC-BCC
07-02-2018 05:45:57    Saving data for BTC-BCY
07-02-2018 05:45:57    Not enough series data for BTC-BCY
07-02-2018 05:45:57    Saving data for BTC-DYN
07-02-2018 05:45:57    Not enough series data for BTC-DYN
07-02-2018 05:45:57    Saving data for BTC-DCT
07-02-2018 05:45:57    Not enough series data for BTC-DCT
07-02-2018 05:45:57    Saving data for BTC-GUP
07-02-2018 05:45:57    Not enough series data for BTC-GUP
07-02-2018 05:45:57    Saving data for BTC-HMQ
07-02-2018 05:45:57    Not enough series data for BTC-HMQ
07-02-2018 05:45:57    Saving data for BTC-IGNIS
07-02-2018 05:45:57    Not enough series data for BTC-IGNIS
07-02-2018 05:45:57    Saving data for BTC-INCNT
07-02-2018 05:45:57    Not enough series data for BTC-INCNT
07-02-2018 05:45:58    Saving data for BTC-EBST
07-02-2018 05:45:58    Not enough series data for BTC-EBST
07-02-2018 05:45:58    Saving data for BTC-GRC
07-02-2018 05:45:58    Not enough series data for BTC-GRC
07-02-2018 05:45:58    Saving data for BTC-GLD
07-02-2018 05:45:58    Not enough series data for BTC-GLD
07-02-2018 05:45:58    Saving data for BTC-GNO
07-02-2018 05:45:58    Not enough series data for BTC-GNO
07-02-2018 05:45:58    Saving data for BTC-GNT
07-02-2018 05:45:58    Not enough series data for BTC-GNT
07-02-2018 05:45:58    Saving data for BTC-GOLOS
07-02-2018 05:45:58    Not enough series data for BTC-GOLOS
07-02-2018 05:45:58    Saving data for BTC-INFX
07-02-2018 05:45:58    Not enough series data for BTC-INFX
07-02-2018 05:45:58    Saving data for BTC-IOC
07-02-2018 05:45:58    Not enough series data for BTC-IOC
07-02-2018 05:45:58    Saving data for BTC-LMC
07-02-2018 05:45:58    Not enough series data for BTC-LMC
07-02-2018 05:45:58    Saving data for BTC-LSK
07-02-2018 05:45:58    Not enough series data for BTC-LSK
07-02-2018 05:45:58    Saving data for BTC-LTC
07-02-2018 05:45:58    Not enough series data for BTC-LTC
07-02-2018 05:45:58    Saving data for BTC-LUN
07-02-2018 05:45:58    Not enough series data for BTC-LUN
07-02-2018 05:45:58    Saving data for BTC-LGD
07-02-2018 05:45:59    Not enough series data for BTC-LGD
07-02-2018 05:45:59    Saving data for BTC-LBC
07-02-2018 05:45:59    Not enough series data for BTC-LBC
07-02-2018 05:45:59    Saving data for BTC-ION
07-02-2018 05:45:59    Not enough series data for BTC-ION
07-02-2018 05:45:59    Saving data for BTC-IOP
07-02-2018 05:45:59    Not enough series data for BTC-IOP
07-02-2018 05:45:59    Saving data for BTC-KMD
07-02-2018 05:45:59    Not enough series data for BTC-KMD
07-02-2018 05:45:59    Saving data for BTC-KORE
07-02-2018 05:45:59    Not enough series data for BTC-KORE
07-02-2018 05:45:59    Saving data for BTC-GEO
07-02-2018 05:45:59    Not enough series data for BTC-GEO
07-02-2018 05:45:59    Saving data for BTC-GRS
07-02-2018 05:45:59    Not enough series data for BTC-GRS
07-02-2018 05:45:59    Saving data for BTC-ENRG
07-02-2018 05:45:59    Not enough series data for BTC-ENRG
07-02-2018 05:45:59    Saving data for BTC-ERC
07-02-2018 05:45:59    Not enough series data for BTC-ERC
07-02-2018 05:45:59    Saving data for BTC-ETC
07-02-2018 05:45:59    Not enough series data for BTC-ETC
07-02-2018 05:45:59    Saving data for BTC-ETH
07-02-2018 05:45:59    Not enough series data for BTC-ETH
07-02-2018 05:45:59    Saving data for BTC-ENG
07-02-2018 05:45:59    Not enough series data for BTC-ENG
07-02-2018 05:46:00    Saving data for BTC-GCR
07-02-2018 05:46:00    Not enough series data for BTC-GCR
07-02-2018 05:46:00    Saving data for BTC-EDG
07-02-2018 05:46:00    Not enough series data for BTC-EDG
07-02-2018 05:46:00    Saving data for BTC-EFL
07-02-2018 05:46:00    Not enough series data for BTC-EFL
07-02-2018 05:46:00    Saving data for BTC-EGC
07-02-2018 05:46:00    Not enough series data for BTC-EGC
07-02-2018 05:46:00    Saving data for BTC-EMC
07-02-2018 05:46:00    Not enough series data for BTC-EMC
07-02-2018 05:46:00    Saving data for BTC-EXCL
07-02-2018 05:46:00    Not enough series data for BTC-EXCL
07-02-2018 05:46:00    Saving data for BTC-EMC2
07-02-2018 05:46:00    Not enough series data for BTC-EMC2
07-02-2018 05:46:00    Saving data for BTC-GAM
07-02-2018 05:46:00    Not enough series data for BTC-GAM
07-02-2018 05:46:00    Saving data for BTC-GAME
07-02-2018 05:46:00    Not enough series data for BTC-GAME
07-02-2018 05:46:00    Saving data for BTC-GBG
07-02-2018 05:46:00    Not enough series data for BTC-GBG
07-02-2018 05:46:00    Saving data for BTC-EXP
07-02-2018 05:46:00    Not enough series data for BTC-EXP
07-02-2018 05:46:00    Saving data for BTC-FUN
07-02-2018 05:46:00    Not enough series data for BTC-FUN
07-02-2018 05:46:00    Saving data for BTC-GBYTE
07-02-2018 05:46:00    Not enough series data for BTC-GBYTE
07-02-2018 05:46:01    Saving data for BTC-FTC
07-02-2018 05:46:01    Not enough series data for BTC-FTC
07-02-2018 05:46:01    Saving data for BTC-FCT
07-02-2018 05:46:01    Not enough series data for BTC-FCT
07-02-2018 05:46:01    Saving data for BTC-FAIR
07-02-2018 05:46:01    Not enough series data for BTC-FAIR
07-02-2018 05:46:01    Saving data for BTC-FLDC
07-02-2018 05:46:01    Not enough series data for BTC-FLDC
07-02-2018 05:46:01    Saving data for BTC-FLO
07-02-2018 05:46:01    Not enough series data for BTC-FLO
07-02-2018 05:46:01    Saving data for USDT-XVG
07-02-2018 05:46:01    Not enough series data for USDT-XVG
07-02-2018 05:46:01    Saving data for USDT-NXT
07-02-2018 05:46:01    Not enough series data for USDT-NXT
07-02-2018 05:46:01    Saving data for USDT-ETC
07-02-2018 05:46:01    Not enough series data for USDT-ETC
07-02-2018 05:46:01    Saving data for USDT-LTC
07-02-2018 05:46:01    Not enough series data for USDT-LTC
07-02-2018 05:46:01    Saving data for USDT-DASH
07-02-2018 05:46:01    Not enough series data for USDT-DASH
07-02-2018 05:46:01    Saving data for USDT-XMR
07-02-2018 05:46:01    Not enough series data for USDT-XMR
07-02-2018 05:46:01    Saving data for USDT-ETH
07-02-2018 05:46:02    Not enough series data for USDT-ETH
07-02-2018 05:46:02    Saving data for USDT-BTG
07-02-2018 05:46:02    Not enough series data for USDT-BTG
07-02-2018 05:46:02    Saving data for USDT-NEO
07-02-2018 05:46:02    Not enough series data for USDT-NEO
07-02-2018 05:46:02    Saving data for USDT-BTC
07-02-2018 05:46:02    Not enough series data for USDT-BTC
07-02-2018 05:46:02    Saving data for USDT-OMG
07-02-2018 05:46:02    Not enough series data for USDT-OMG
07-02-2018 05:46:02    Saving data for USDT-ADA
07-02-2018 05:46:02    Not enough series data for USDT-ADA
07-02-2018 05:46:02    Saving data for USDT-XRP
07-02-2018 05:46:02    Not enough series data for USDT-XRP
07-02-2018 05:46:02    Saving data for USDT-BCC
07-02-2018 05:46:02    Not enough series data for USDT-BCC
07-02-2018 05:46:02    Saving data for USDT-ZEC
07-02-2018 05:46:02    Not enough series data for USDT-ZEC
07-02-2018 05:46:02    DONE
07-02-2018 05:46:19    STARTING
07-02-2018 05:46:19    PROCESS Getting markets
07-02-2018 05:46:20    PROCESS Got markets
07-02-2018 05:46:20    Saving data for BTC-QTUM
07-02-2018 05:46:20    Not enough series data for BTC-QTUM
07-02-2018 05:46:20    Saving data for BTC-QRL
07-02-2018 05:46:20    Not enough series data for BTC-QRL
07-02-2018 05:46:20    Saving data for BTC-QWARK
07-02-2018 05:46:20    Not enough series data for BTC-QWARK
07-02-2018 05:46:21    Saving data for BTC-RADS
07-02-2018 05:46:21    Not enough series data for BTC-RADS
07-02-2018 05:46:21    Saving data for BTC-RBY
07-02-2018 05:46:21    Not enough series data for BTC-RBY
07-02-2018 05:46:21    Saving data for BTC-PTOY
07-02-2018 05:46:21    Not enough series data for BTC-PTOY
07-02-2018 05:46:21    Saving data for BTC-PTC
07-02-2018 05:46:21    Not enough series data for BTC-PTC
07-02-2018 05:46:21    Saving data for BTC-PKB
07-02-2018 05:46:21    Not enough series data for BTC-PKB
07-02-2018 05:46:21    Saving data for BTC-POT
07-02-2018 05:46:21    Not enough series data for BTC-POT
07-02-2018 05:46:21    Saving data for BTC-POWR
07-02-2018 05:46:22    Not enough series data for BTC-POWR
07-02-2018 05:46:22    Saving data for BTC-PPC
07-02-2018 05:46:22    Not enough series data for BTC-PPC
07-02-2018 05:46:22    Saving data for BTC-RCN
07-02-2018 05:46:22    Not enough series data for BTC-RCN
07-02-2018 05:46:22    Saving data for BTC-RDD
07-02-2018 05:46:22    Not enough series data for BTC-RDD
07-02-2018 05:46:22    Saving data for BTC-SEQ
07-02-2018 05:46:22    Not enough series data for BTC-SEQ
07-02-2018 05:46:22    Saving data for BTC-SHIFT
07-02-2018 05:46:22    Not enough series data for BTC-SHIFT
07-02-2018 05:46:22    Saving data for BTC-SIB
07-02-2018 05:46:22    Not enough series data for BTC-SIB
07-02-2018 05:46:22    Saving data for BTC-SLR
07-02-2018 05:46:22    Not enough series data for BTC-SLR
07-02-2018 05:46:22    Saving data for BTC-SC
07-02-2018 05:46:22    Not enough series data for BTC-SC
07-02-2018 05:46:22    Saving data for BTC-SBD
07-02-2018 05:46:22    Not enough series data for BTC-SBD
07-02-2018 05:46:22    Saving data for BTC-REP
07-02-2018 05:46:22    Not enough series data for BTC-REP
07-02-2018 05:46:22    Saving data for BTC-RISE
07-02-2018 05:46:23    Not enough series data for BTC-RISE
07-02-2018 05:46:23    Saving data for BTC-RLC
07-02-2018 05:46:23    Not enough series data for BTC-RLC
07-02-2018 05:46:23    Saving data for BTC-SALT
07-02-2018 05:46:23    Not enough series data for BTC-SALT
07-02-2018 05:46:23    Saving data for BTC-PIVX
07-02-2018 05:46:23    Not enough series data for BTC-PIVX
07-02-2018 05:46:23    Saving data for BTC-PINK
07-02-2018 05:46:23    Not enough series data for BTC-PINK
07-02-2018 05:46:23    Saving data for BTC-MUSIC
07-02-2018 05:46:23    Not enough series data for BTC-MUSIC
07-02-2018 05:46:23    Saving data for BTC-NAV
07-02-2018 05:46:23    Not enough series data for BTC-NAV
07-02-2018 05:46:23    Saving data for BTC-NBT
07-02-2018 05:46:23    Not enough series data for BTC-NBT
07-02-2018 05:46:23    Saving data for BTC-NEO
07-02-2018 05:46:23    Not enough series data for BTC-NEO
07-02-2018 05:46:23    Saving data for BTC-1ST
07-02-2018 05:46:23    Not enough series data for BTC-1ST
07-02-2018 05:46:23    Saving data for BTC-MONA
07-02-2018 05:46:23    Not enough series data for BTC-MONA
07-02-2018 05:46:23    Saving data for BTC-MCO
07-02-2018 05:46:23    Not enough series data for BTC-MCO
07-02-2018 05:46:23    Saving data for BTC-MEME
07-02-2018 05:46:24    Not enough series data for BTC-MEME
07-02-2018 05:46:24    Saving data for BTC-MER
07-02-2018 05:46:24    Not enough series data for BTC-MER
07-02-2018 05:46:24    Saving data for BTC-MLN
07-02-2018 05:46:24    Not enough series data for BTC-MLN
07-02-2018 05:46:24    Saving data for BTC-NEOS
07-02-2018 05:46:24    Not enough series data for BTC-NEOS
07-02-2018 05:46:24    Saving data for BTC-NLG
07-02-2018 05:46:24    Not enough series data for BTC-NLG
07-02-2018 05:46:24    Saving data for BTC-OMNI
07-02-2018 05:46:24    Not enough series data for BTC-OMNI
07-02-2018 05:46:24    Saving data for BTC-PART
07-02-2018 05:46:24    Not enough series data for BTC-PART
07-02-2018 05:46:24    Saving data for BTC-PAY
07-02-2018 05:46:24    Not enough series data for BTC-PAY
07-02-2018 05:46:24    Saving data for BTC-PDC
07-02-2018 05:46:24    Not enough series data for BTC-PDC
07-02-2018 05:46:24    Saving data for BTC-OMG
07-02-2018 05:46:24    Not enough series data for BTC-OMG
07-02-2018 05:46:24    Saving data for BTC-OK
07-02-2018 05:46:24    Not enough series data for BTC-OK
07-02-2018 05:46:24    Saving data for BTC-NMR
07-02-2018 05:46:24    Not enough series data for BTC-NMR
07-02-2018 05:46:25    Saving data for BTC-NXC
07-02-2018 05:46:25    Not enough series data for BTC-NXC
07-02-2018 05:46:25    Saving data for BTC-NXS
07-02-2018 05:46:25    Not enough series data for BTC-NXS
07-02-2018 05:46:25    Saving data for BTC-NXT
07-02-2018 05:46:25    Not enough series data for BTC-NXT
07-02-2018 05:46:25    Saving data for BTC-SLS
07-02-2018 05:46:25    Not enough series data for BTC-SLS
07-02-2018 05:46:25    Saving data for BTC-SNRG
07-02-2018 05:46:25    Not enough series data for BTC-SNRG
07-02-2018 05:46:25    Saving data for BTC-XDN
07-02-2018 05:46:25    Not enough series data for BTC-XDN
07-02-2018 05:46:25    Saving data for BTC-XEL
07-02-2018 05:46:25    Not enough series data for BTC-XEL
07-02-2018 05:46:25    Saving data for BTC-XEM
07-02-2018 05:46:25    Not enough series data for BTC-XEM
07-02-2018 05:46:25    Saving data for BTC-XLM
07-02-2018 05:46:25    Not enough series data for BTC-XLM
07-02-2018 05:46:25    Saving data for BTC-XCP
07-02-2018 05:46:25    Not enough series data for BTC-XCP
07-02-2018 05:46:25    Saving data for BTC-WINGS
07-02-2018 05:46:25    Not enough series data for BTC-WINGS
07-02-2018 05:46:25    Saving data for BTC-VRM
07-02-2018 05:46:25    Not enough series data for BTC-VRM
07-02-2018 05:46:25    Saving data for BTC-VTC
07-02-2018 05:46:25    Not enough series data for BTC-VTC
07-02-2018 05:46:25    Saving data for BTC-VTR
07-02-2018 05:46:25    Not enough series data for BTC-VTR
07-02-2018 05:46:26    Saving data for BTC-WAVES
07-02-2018 05:46:26    Not enough series data for BTC-WAVES
07-02-2018 05:46:26    Saving data for BTC-XMG
07-02-2018 05:46:26    Not enough series data for BTC-XMG
07-02-2018 05:46:26    Saving data for BTC-XMR
07-02-2018 05:46:26    Not enough series data for BTC-XMR
07-02-2018 05:46:26    Saving data for BTC-XZC
07-02-2018 05:46:26    Not enough series data for BTC-XZC
07-02-2018 05:46:26    Saving data for BTC-ZCL
07-02-2018 05:46:26    Not enough series data for BTC-ZCL
07-02-2018 05:46:26    Saving data for BTC-ZEC
07-02-2018 05:46:26    Not enough series data for BTC-ZEC
07-02-2018 05:46:26    Saving data for BTC-ZEN
07-02-2018 05:46:26    Not enough series data for BTC-ZEN
07-02-2018 05:46:26    Saving data for BTC-XWC
07-02-2018 05:46:26    Not enough series data for BTC-XWC
07-02-2018 05:46:26    Saving data for BTC-XVG
07-02-2018 05:46:26    Not enough series data for BTC-XVG
07-02-2018 05:46:26    Saving data for BTC-XMY
07-02-2018 05:46:26    Not enough series data for BTC-XMY
07-02-2018 05:46:26    Saving data for BTC-XRP
07-02-2018 05:46:26    Not enough series data for BTC-XRP
07-02-2018 05:46:26    Saving data for BTC-XST
07-02-2018 05:46:26    Not enough series data for BTC-XST
07-02-2018 05:46:27    Saving data for BTC-XVC
07-02-2018 05:46:27    Not enough series data for BTC-XVC
07-02-2018 05:46:27    Saving data for BTC-VRC
07-02-2018 05:46:27    Not enough series data for BTC-VRC
07-02-2018 05:46:27    Saving data for BTC-VOX
07-02-2018 05:46:27    Not enough series data for BTC-VOX
07-02-2018 05:46:27    Saving data for BTC-STRAT
07-02-2018 05:46:27    Not enough series data for BTC-STRAT
07-02-2018 05:46:27    Saving data for BTC-SWIFT
07-02-2018 05:46:27    Not enough series data for BTC-SWIFT
07-02-2018 05:46:27    Saving data for BTC-SWT
07-02-2018 05:46:27    Not enough series data for BTC-SWT
07-02-2018 05:46:27    Saving data for BTC-SYNX
07-02-2018 05:46:27    Not enough series data for BTC-SYNX
07-02-2018 05:46:27    Saving data for BTC-STORJ
07-02-2018 05:46:27    Not enough series data for BTC-STORJ
07-02-2018 05:46:27    Saving data for BTC-STEEM
07-02-2018 05:46:27    Not enough series data for BTC-STEEM
07-02-2018 05:46:27    Saving data for BTC-SNT
07-02-2018 05:46:28    Not enough series data for BTC-SNT
07-02-2018 05:46:28    Saving data for BTC-SPHR
07-02-2018 05:46:28    Not enough series data for BTC-SPHR
07-02-2018 05:46:28    Saving data for BTC-SPR
07-02-2018 05:46:28    Not enough series data for BTC-SPR
07-02-2018 05:46:28    Saving data for BTC-START
07-02-2018 05:46:28    Not enough series data for BTC-START
07-02-2018 05:46:28    Saving data for BTC-SYS
07-02-2018 05:46:28    Not enough series data for BTC-SYS
07-02-2018 05:46:28    Saving data for BTC-THC
07-02-2018 05:46:28    Not enough series data for BTC-THC
07-02-2018 05:46:28    Saving data for BTC-UKG
07-02-2018 05:46:28    Not enough series data for BTC-UKG
07-02-2018 05:46:28    Saving data for BTC-UNB
07-02-2018 05:46:28    Not enough series data for BTC-UNB
07-02-2018 05:46:28    Saving data for BTC-VIA
07-02-2018 05:46:28    Not enough series data for BTC-VIA
07-02-2018 05:46:28    Saving data for BTC-VIB
07-02-2018 05:46:28    Not enough series data for BTC-VIB
07-02-2018 05:46:28    Saving data for BTC-UBQ
07-02-2018 05:46:28    Not enough series data for BTC-UBQ
07-02-2018 05:46:29    Saving data for BTC-TX
07-02-2018 05:46:29    Not enough series data for BTC-TX
07-02-2018 05:46:29    Saving data for BTC-TIX
07-02-2018 05:46:29    Not enough series data for BTC-TIX
07-02-2018 05:46:29    Saving data for BTC-TKS
07-02-2018 05:46:29    Not enough series data for BTC-TKS
07-02-2018 05:46:29    Saving data for BTC-TRST
07-02-2018 05:46:29    Not enough series data for BTC-TRST
07-02-2018 05:46:29    Saving data for BTC-TRUST
07-02-2018 05:46:29    Not enough series data for BTC-TRUST
07-02-2018 05:46:29    Saving data for BTC-MANA
07-02-2018 05:46:29    Not enough series data for BTC-MANA
07-02-2018 05:46:29    Saving data for BTC-MUE
07-02-2018 05:46:29    Not enough series data for BTC-MUE
07-02-2018 05:46:29    Saving data for BTC-CLUB
07-02-2018 05:46:29    Not enough series data for BTC-CLUB
07-02-2018 05:46:29    Saving data for BTC-CLOAK
07-02-2018 05:46:29    Not enough series data for BTC-CLOAK
07-02-2018 05:46:29    Saving data for BTC-COVAL
07-02-2018 05:46:29    Not enough series data for BTC-COVAL
07-02-2018 05:46:30    Saving data for BTC-CPC
07-02-2018 05:46:30    Not enough series data for BTC-CPC
07-02-2018 05:46:30    Saving data for BTC-CRB
07-02-2018 05:46:30    Not enough series data for BTC-CRB
07-02-2018 05:46:30    Saving data for BTC-CLAM
07-02-2018 05:46:30    Not enough series data for BTC-CLAM
07-02-2018 05:46:30    Saving data for BTC-CFI
07-02-2018 05:46:30    Not enough series data for BTC-CFI
07-02-2018 05:46:30    Saving data for BTC-BTG
07-02-2018 05:46:30    Not enough series data for BTC-BTG
07-02-2018 05:46:30    Saving data for BTC-BURST
07-02-2018 05:46:30    Not enough series data for BTC-BURST
07-02-2018 05:46:30    Saving data for BTC-BYC
07-02-2018 05:46:30    Not enough series data for BTC-BYC
07-02-2018 05:46:30    Saving data for BTC-CANN
07-02-2018 05:46:30    Not enough series data for BTC-CANN
07-02-2018 05:46:30    Saving data for BTC-CRW
07-02-2018 05:46:30    Not enough series data for BTC-CRW
07-02-2018 05:46:30    Saving data for BTC-CURE
07-02-2018 05:46:30    Not enough series data for BTC-CURE
07-02-2018 05:46:30    Saving data for BTC-DNT
07-02-2018 05:46:31    Not enough series data for BTC-DNT
07-02-2018 05:46:31    Saving data for BTC-DOGE
07-02-2018 05:46:31    Not enough series data for BTC-DOGE
07-02-2018 05:46:31    Saving data for BTC-DOPE
07-02-2018 05:46:31    Not enough series data for BTC-DOPE
07-02-2018 05:46:31    Saving data for BTC-DTB
07-02-2018 05:46:31    Not enough series data for BTC-DTB
07-02-2018 05:46:31    Saving data for BTC-DMD
07-02-2018 05:46:31    Not enough series data for BTC-DMD
07-02-2018 05:46:31    Saving data for BTC-DGB
07-02-2018 05:46:31    Not enough series data for BTC-DGB
07-02-2018 05:46:31    Saving data for BTC-CVC
07-02-2018 05:46:31    Not enough series data for BTC-CVC
07-02-2018 05:46:31    Saving data for BTC-DASH
07-02-2018 05:46:31    Not enough series data for BTC-DASH
07-02-2018 05:46:31    Saving data for BTC-DCR
07-02-2018 05:46:32    Not enough series data for BTC-DCR
07-02-2018 05:46:32    Saving data for BTC-MAID
07-02-2018 05:46:32    Not enough series data for BTC-MAID
07-02-2018 05:46:32    Saving data for BTC-BSD
07-02-2018 05:46:32    Not enough series data for BTC-BSD
07-02-2018 05:46:32    Saving data for BTC-BRX
07-02-2018 05:46:33    Not enough series data for BTC-BRX
07-02-2018 05:46:33    Saving data for BTC-AGRS
07-02-2018 05:46:33    Not enough series data for BTC-AGRS
07-02-2018 05:46:33    Saving data for BTC-AMP
07-02-2018 05:46:33    Not enough series data for BTC-AMP
07-02-2018 05:46:33    Saving data for BTC-ANT
07-02-2018 05:46:33    Not enough series data for BTC-ANT
07-02-2018 05:46:33    Saving data for BTC-ARDR
07-02-2018 05:46:33    Not enough series data for BTC-ARDR
07-02-2018 05:46:33    Saving data for BTC-AEON
07-02-2018 05:46:33    Not enough series data for BTC-AEON
07-02-2018 05:46:33    Saving data for BTC-ADX
07-02-2018 05:46:34    Not enough series data for BTC-ADX
07-02-2018 05:46:34    Saving data for BTC-2GIVE
07-02-2018 05:46:34    Not enough series data for BTC-2GIVE
07-02-2018 05:46:34    Saving data for BTC-ABY
07-02-2018 05:46:34    Not enough series data for BTC-ABY
07-02-2018 05:46:34    Saving data for BTC-ADA
07-02-2018 05:46:34    Not enough series data for BTC-ADA
07-02-2018 05:46:34    Saving data for BTC-ADT
07-02-2018 05:46:34    Not enough series data for BTC-ADT
07-02-2018 05:46:34    Saving data for BTC-ARK
07-02-2018 05:46:34    Not enough series data for BTC-ARK
07-02-2018 05:46:34    Saving data for BTC-AUR
07-02-2018 05:46:34    Not enough series data for BTC-AUR
07-02-2018 05:46:34    Saving data for BTC-BLK
07-02-2018 05:46:34    Not enough series data for BTC-BLK
07-02-2018 05:46:34    Saving data for BTC-BLOCK
07-02-2018 05:46:34    Not enough series data for BTC-BLOCK
07-02-2018 05:46:34    Saving data for BTC-BNT
07-02-2018 05:46:35    Not enough series data for BTC-BNT
07-02-2018 05:46:35    Saving data for BTC-BRK
07-02-2018 05:46:35    Not enough series data for BTC-BRK
07-02-2018 05:46:35    Saving data for BTC-BLITZ
07-02-2018 05:46:35    Not enough series data for BTC-BLITZ
07-02-2018 05:46:35    Saving data for BTC-BITB
07-02-2018 05:46:35    Not enough series data for BTC-BITB
07-02-2018 05:46:35    Saving data for BTC-BAT
07-02-2018 05:46:35    Not enough series data for BTC-BAT
07-02-2018 05:46:35    Saving data for BTC-BAY
07-02-2018 05:46:35    Not enough series data for BTC-BAY
07-02-2018 05:46:35    Saving data for BTC-BCC
07-02-2018 05:46:35    Not enough series data for BTC-BCC
07-02-2018 05:46:35    Saving data for BTC-BCY
07-02-2018 05:46:35    Not enough series data for BTC-BCY
07-02-2018 05:46:35    Saving data for BTC-DYN
07-02-2018 05:46:35    Not enough series data for BTC-DYN
07-02-2018 05:46:35    Saving data for BTC-DCT
07-02-2018 05:46:36    Not enough series data for BTC-DCT
07-02-2018 05:46:36    Saving data for BTC-GUP
07-02-2018 05:46:36    Not enough series data for BTC-GUP
07-02-2018 05:46:36    Saving data for BTC-HMQ
07-02-2018 05:46:36    Not enough series data for BTC-HMQ
07-02-2018 05:46:36    Saving data for BTC-IGNIS
07-02-2018 05:46:36    Not enough series data for BTC-IGNIS
07-02-2018 05:46:36    Saving data for BTC-INCNT
07-02-2018 05:46:36    Not enough series data for BTC-INCNT
07-02-2018 05:46:36    Saving data for BTC-EBST
07-02-2018 05:46:36    Not enough series data for BTC-EBST
07-02-2018 05:46:36    Saving data for BTC-GRC
07-02-2018 05:46:36    Not enough series data for BTC-GRC
07-02-2018 05:46:36    Saving data for BTC-GLD
07-02-2018 05:46:36    Not enough series data for BTC-GLD
07-02-2018 05:46:36    Saving data for BTC-GNO
07-02-2018 05:46:36    Not enough series data for BTC-GNO
07-02-2018 05:46:36    Saving data for BTC-GNT
07-02-2018 05:46:36    Not enough series data for BTC-GNT
07-02-2018 05:46:37    Saving data for BTC-GOLOS
07-02-2018 05:46:37    Not enough series data for BTC-GOLOS
07-02-2018 05:46:37    Saving data for BTC-INFX
07-02-2018 05:46:37    Not enough series data for BTC-INFX
07-02-2018 05:46:37    Saving data for BTC-IOC
07-02-2018 05:46:37    Not enough series data for BTC-IOC
07-02-2018 05:46:37    Saving data for BTC-LMC
07-02-2018 05:46:37    Not enough series data for BTC-LMC
07-02-2018 05:46:38    Saving data for BTC-LSK
07-02-2018 05:46:38    Not enough series data for BTC-LSK
07-02-2018 05:46:38    Saving data for BTC-LTC
07-02-2018 05:46:38    Not enough series data for BTC-LTC
07-02-2018 05:46:38    Saving data for BTC-LUN
07-02-2018 05:46:38    Not enough series data for BTC-LUN
07-02-2018 05:46:39    Saving data for BTC-LGD
07-02-2018 05:46:39    Not enough series data for BTC-LGD
07-02-2018 05:46:39    Saving data for BTC-LBC
07-02-2018 05:46:39    Not enough series data for BTC-LBC
07-02-2018 05:46:39    Saving data for BTC-ION
07-02-2018 05:46:39    Not enough series data for BTC-ION
07-02-2018 05:46:39    Saving data for BTC-IOP
07-02-2018 05:46:39    Not enough series data for BTC-IOP
07-02-2018 05:46:40    Saving data for BTC-KMD
07-02-2018 05:46:40    Not enough series data for BTC-KMD
07-02-2018 05:46:40    Saving data for BTC-KORE
07-02-2018 05:46:40    Not enough series data for BTC-KORE
07-02-2018 05:46:40    Saving data for BTC-GEO
07-02-2018 05:46:40    Not enough series data for BTC-GEO
07-02-2018 05:46:40    Saving data for BTC-GRS
07-02-2018 05:46:40    Not enough series data for BTC-GRS
07-02-2018 05:46:40    Saving data for BTC-ENRG
07-02-2018 05:46:41    Not enough series data for BTC-ENRG
07-02-2018 05:46:41    Saving data for BTC-ERC
07-02-2018 05:46:41    Not enough series data for BTC-ERC
07-02-2018 05:46:41    Saving data for BTC-ETC
07-02-2018 05:46:41    Not enough series data for BTC-ETC
07-02-2018 05:46:41    Saving data for BTC-ETH
07-02-2018 05:46:41    Not enough series data for BTC-ETH
07-02-2018 05:46:41    Saving data for BTC-ENG
07-02-2018 05:46:41    Not enough series data for BTC-ENG
07-02-2018 05:46:41    Saving data for BTC-GCR
07-02-2018 05:46:41    Not enough series data for BTC-GCR
07-02-2018 05:46:41    Saving data for BTC-EDG
07-02-2018 05:46:41    Not enough series data for BTC-EDG
07-02-2018 05:46:41    Saving data for BTC-EFL
07-02-2018 05:46:42    Not enough series data for BTC-EFL
07-02-2018 05:46:42    Saving data for BTC-EGC
07-02-2018 05:46:42    Not enough series data for BTC-EGC
07-02-2018 05:46:42    Saving data for BTC-EMC
07-02-2018 05:46:42    Not enough series data for BTC-EMC
07-02-2018 05:46:42    Saving data for BTC-EXCL
07-02-2018 05:46:42    Not enough series data for BTC-EXCL
07-02-2018 05:46:42    Saving data for BTC-EMC2
07-02-2018 05:46:42    Not enough series data for BTC-EMC2
07-02-2018 05:46:42    Saving data for BTC-GAM
07-02-2018 05:46:42    Not enough series data for BTC-GAM
07-02-2018 05:46:42    Saving data for BTC-GAME
07-02-2018 05:46:42    Not enough series data for BTC-GAME
07-02-2018 05:46:42    Saving data for BTC-GBG
07-02-2018 05:46:42    Not enough series data for BTC-GBG
07-02-2018 05:46:42    Saving data for BTC-EXP
07-02-2018 05:46:42    Not enough series data for BTC-EXP
07-02-2018 05:46:42    Saving data for BTC-FUN
07-02-2018 05:46:43    Not enough series data for BTC-FUN
07-02-2018 05:46:43    Saving data for BTC-GBYTE
07-02-2018 05:46:43    Not enough series data for BTC-GBYTE
07-02-2018 05:46:43    Saving data for BTC-FTC
07-02-2018 05:46:43    Not enough series data for BTC-FTC
07-02-2018 05:46:43    Saving data for BTC-FCT
07-02-2018 05:46:43    Not enough series data for BTC-FCT
07-02-2018 05:46:43    Saving data for BTC-FAIR
07-02-2018 05:46:43    Not enough series data for BTC-FAIR
07-02-2018 05:46:43    Saving data for BTC-FLDC
07-02-2018 05:46:43    Not enough series data for BTC-FLDC
07-02-2018 05:46:43    Saving data for BTC-FLO
07-02-2018 05:46:43    Not enough series data for BTC-FLO
07-02-2018 05:46:43    Saving data for USDT-XVG
07-02-2018 05:46:43    Not enough series data for USDT-XVG
07-02-2018 05:46:43    Saving data for USDT-NXT
07-02-2018 05:46:43    Not enough series data for USDT-NXT
07-02-2018 05:46:43    Saving data for USDT-ETC
07-02-2018 05:46:43    Not enough series data for USDT-ETC
07-02-2018 05:46:43    Saving data for USDT-LTC
07-02-2018 05:46:44    Not enough series data for USDT-LTC
07-02-2018 05:46:44    Saving data for USDT-DASH
07-02-2018 05:46:44    Not enough series data for USDT-DASH
07-02-2018 05:46:44    Saving data for USDT-XMR
07-02-2018 05:46:44    Not enough series data for USDT-XMR
07-02-2018 05:46:44    Saving data for USDT-ETH
07-02-2018 05:46:44    Not enough series data for USDT-ETH
07-02-2018 05:46:44    Saving data for USDT-BTG
07-02-2018 05:46:44    Not enough series data for USDT-BTG
07-02-2018 05:46:44    Saving data for USDT-NEO
07-02-2018 05:46:44    Not enough series data for USDT-NEO
07-02-2018 05:46:44    Saving data for USDT-BTC
07-02-2018 05:46:44    Not enough series data for USDT-BTC
07-02-2018 05:46:44    Saving data for USDT-OMG
07-02-2018 05:46:44    Not enough series data for USDT-OMG
07-02-2018 05:46:45    Saving data for USDT-ADA
07-02-2018 05:46:45    Not enough series data for USDT-ADA
07-02-2018 05:46:45    Saving data for USDT-XRP
07-02-2018 05:46:45    Not enough series data for USDT-XRP
07-02-2018 05:46:45    Saving data for USDT-BCC
07-02-2018 05:46:45    Not enough series data for USDT-BCC
07-02-2018 05:46:45    Saving data for USDT-ZEC
07-02-2018 05:46:45    Not enough series data for USDT-ZEC
07-02-2018 05:46:45    DONE
07-02-2018 05:47:56    STARTING
07-02-2018 05:47:56    PROCESS Getting markets
07-02-2018 05:47:57    ERROR while contacting Bittrex: SSL certificate problem: unable to get local issuer certificate
07-02-2018 05:47:57    DONE
07-02-2018 05:52:07    STARTING
07-02-2018 05:52:07    PROCESS Getting markets
07-02-2018 05:52:09    PROCESS Got markets
07-02-2018 05:52:09    Saving data for BTC-QTUM
07-02-2018 05:52:09    Not enough series data for BTC-QTUM
07-02-2018 05:52:09    Saving data for BTC-QRL
07-02-2018 05:52:09    Not enough series data for BTC-QRL
07-02-2018 05:52:09    Saving data for BTC-QWARK
07-02-2018 05:52:09    Not enough series data for BTC-QWARK
07-02-2018 05:52:09    Saving data for BTC-RADS
07-02-2018 05:52:09    Not enough series data for BTC-RADS
07-02-2018 05:52:09    Saving data for BTC-RBY
07-02-2018 05:52:09    Not enough series data for BTC-RBY
07-02-2018 05:52:09    Saving data for BTC-PTOY
07-02-2018 05:52:09    Not enough series data for BTC-PTOY
07-02-2018 05:52:09    Saving data for BTC-PTC
07-02-2018 05:52:09    Not enough series data for BTC-PTC
07-02-2018 05:52:09    Saving data for BTC-PKB
07-02-2018 05:52:09    Not enough series data for BTC-PKB
07-02-2018 05:52:09    Saving data for BTC-POT
07-02-2018 05:52:09    Not enough series data for BTC-POT
07-02-2018 05:52:09    Saving data for BTC-POWR
07-02-2018 05:52:10    Not enough series data for BTC-POWR
07-02-2018 05:52:10    Saving data for BTC-PPC
07-02-2018 05:52:10    Not enough series data for BTC-PPC
07-02-2018 05:52:10    Saving data for BTC-RCN
07-02-2018 05:52:10    Not enough series data for BTC-RCN
07-02-2018 05:52:10    Saving data for BTC-RDD
07-02-2018 05:52:10    Not enough series data for BTC-RDD
07-02-2018 05:52:10    Saving data for BTC-SEQ
07-02-2018 05:52:10    Not enough series data for BTC-SEQ
07-02-2018 05:52:10    Saving data for BTC-SHIFT
07-02-2018 05:52:10    Not enough series data for BTC-SHIFT
07-02-2018 05:52:10    Saving data for BTC-SIB
07-02-2018 05:52:10    Not enough series data for BTC-SIB
07-02-2018 05:52:10    Saving data for BTC-SLR
07-02-2018 05:52:10    Not enough series data for BTC-SLR
07-02-2018 05:52:10    Saving data for BTC-SC
07-02-2018 05:52:10    Not enough series data for BTC-SC
07-02-2018 05:52:10    Saving data for BTC-SBD
07-02-2018 05:52:10    Not enough series data for BTC-SBD
07-02-2018 05:52:10    Saving data for BTC-REP
07-02-2018 05:52:10    Not enough series data for BTC-REP
07-02-2018 05:52:10    Saving data for BTC-RISE
07-02-2018 05:52:10    Not enough series data for BTC-RISE
07-02-2018 05:52:11    Saving data for BTC-RLC
07-02-2018 05:52:11    Not enough series data for BTC-RLC
07-02-2018 05:52:11    Saving data for BTC-SALT
07-02-2018 05:52:11    Not enough series data for BTC-SALT
07-02-2018 05:52:11    Saving data for BTC-PIVX
07-02-2018 05:52:11    Not enough series data for BTC-PIVX
07-02-2018 05:52:11    Saving data for BTC-PINK
07-02-2018 05:52:11    Not enough series data for BTC-PINK
07-02-2018 05:52:11    Saving data for BTC-MUSIC
07-02-2018 05:52:11    Not enough series data for BTC-MUSIC
07-02-2018 05:52:11    Saving data for BTC-NAV
07-02-2018 05:52:11    Not enough series data for BTC-NAV
07-02-2018 05:52:11    Saving data for BTC-NBT
07-02-2018 05:52:11    Not enough series data for BTC-NBT
07-02-2018 05:52:11    Saving data for BTC-NEO
07-02-2018 05:52:11    Not enough series data for BTC-NEO
07-02-2018 05:52:11    Saving data for BTC-1ST
07-02-2018 05:52:12    Not enough series data for BTC-1ST
07-02-2018 05:52:12    Saving data for BTC-MONA
07-02-2018 05:52:12    Not enough series data for BTC-MONA
07-02-2018 05:52:12    Saving data for BTC-MCO
07-02-2018 05:52:12    Not enough series data for BTC-MCO
07-02-2018 05:52:12    Saving data for BTC-MEME
07-02-2018 05:52:12    Not enough series data for BTC-MEME
07-02-2018 05:52:12    Saving data for BTC-MER
07-02-2018 05:52:12    Not enough series data for BTC-MER
07-02-2018 05:52:12    Saving data for BTC-MLN
07-02-2018 05:52:12    Not enough series data for BTC-MLN
07-02-2018 05:52:12    Saving data for BTC-NEOS
07-02-2018 05:52:12    Not enough series data for BTC-NEOS
07-02-2018 05:52:12    Saving data for BTC-NLG
07-02-2018 05:52:12    Not enough series data for BTC-NLG
07-02-2018 05:52:12    Saving data for BTC-OMNI
07-02-2018 05:52:12    Not enough series data for BTC-OMNI
07-02-2018 05:52:12    Saving data for BTC-PART
07-02-2018 05:52:12    Not enough series data for BTC-PART
07-02-2018 05:52:12    Saving data for BTC-PAY
07-02-2018 05:52:12    Not enough series data for BTC-PAY
07-02-2018 05:52:13    Saving data for BTC-PDC
07-02-2018 05:52:13    Not enough series data for BTC-PDC
07-02-2018 05:52:13    Saving data for BTC-OMG
07-02-2018 05:52:13    Not enough series data for BTC-OMG
07-02-2018 05:52:13    Saving data for BTC-OK
07-02-2018 05:52:13    Not enough series data for BTC-OK
07-02-2018 05:52:13    Saving data for BTC-NMR
07-02-2018 05:52:13    Not enough series data for BTC-NMR
07-02-2018 05:52:13    Saving data for BTC-NXC
07-02-2018 05:52:13    Not enough series data for BTC-NXC
07-02-2018 05:52:13    Saving data for BTC-NXS
07-02-2018 05:52:13    Not enough series data for BTC-NXS
07-02-2018 05:52:13    Saving data for BTC-NXT
07-02-2018 05:52:13    Not enough series data for BTC-NXT
07-02-2018 05:52:13    Saving data for BTC-SLS
07-02-2018 05:52:13    Not enough series data for BTC-SLS
07-02-2018 05:52:13    Saving data for BTC-SNRG
07-02-2018 05:52:13    Not enough series data for BTC-SNRG
07-02-2018 05:52:13    Saving data for BTC-XDN
07-02-2018 05:52:13    Not enough series data for BTC-XDN
07-02-2018 05:52:13    Saving data for BTC-XEL
07-02-2018 05:52:13    Not enough series data for BTC-XEL
07-02-2018 05:52:13    Saving data for BTC-XEM
07-02-2018 05:52:14    Not enough series data for BTC-XEM
07-02-2018 05:52:14    Saving data for BTC-XLM
07-02-2018 05:52:14    Not enough series data for BTC-XLM
07-02-2018 05:52:14    Saving data for BTC-XCP
07-02-2018 05:52:14    Not enough series data for BTC-XCP
07-02-2018 05:52:14    Saving data for BTC-WINGS
07-02-2018 05:52:14    Not enough series data for BTC-WINGS
07-02-2018 05:52:14    Saving data for BTC-VRM
07-02-2018 05:52:14    Not enough series data for BTC-VRM
07-02-2018 05:52:14    Saving data for BTC-VTC
07-02-2018 05:52:14    Not enough series data for BTC-VTC
07-02-2018 05:52:14    Saving data for BTC-VTR
07-02-2018 05:52:14    Not enough series data for BTC-VTR
07-02-2018 05:52:14    Saving data for BTC-WAVES
07-02-2018 05:52:14    Not enough series data for BTC-WAVES
07-02-2018 05:52:14    Saving data for BTC-XMG
07-02-2018 05:52:14    Not enough series data for BTC-XMG
07-02-2018 05:52:14    Saving data for BTC-XMR
07-02-2018 05:52:14    Not enough series data for BTC-XMR
07-02-2018 05:52:14    Saving data for BTC-XZC
07-02-2018 05:52:14    Not enough series data for BTC-XZC
07-02-2018 05:52:15    Saving data for BTC-ZCL
07-02-2018 05:52:15    Not enough series data for BTC-ZCL
07-02-2018 05:52:15    Saving data for BTC-ZEC
07-02-2018 05:52:15    Not enough series data for BTC-ZEC
07-02-2018 05:52:15    Saving data for BTC-ZEN
07-02-2018 05:52:15    Not enough series data for BTC-ZEN
07-02-2018 05:52:15    Saving data for BTC-XWC
07-02-2018 05:52:15    Not enough series data for BTC-XWC
07-02-2018 05:52:15    Saving data for BTC-XVG
07-02-2018 05:52:15    Not enough series data for BTC-XVG
07-02-2018 05:52:15    Saving data for BTC-XMY
07-02-2018 05:52:15    Not enough series data for BTC-XMY
07-02-2018 05:52:15    Saving data for BTC-XRP
07-02-2018 05:52:15    Not enough series data for BTC-XRP
07-02-2018 05:52:15    Saving data for BTC-XST
07-02-2018 05:52:15    Not enough series data for BTC-XST
07-02-2018 05:52:15    Saving data for BTC-XVC
07-02-2018 05:52:15    Not enough series data for BTC-XVC
07-02-2018 05:52:15    Saving data for BTC-VRC
07-02-2018 05:52:16    Not enough series data for BTC-VRC
07-02-2018 05:52:16    Saving data for BTC-VOX
07-02-2018 05:52:16    Not enough series data for BTC-VOX
07-02-2018 05:52:16    Saving data for BTC-STRAT
07-02-2018 05:52:16    Not enough series data for BTC-STRAT
07-02-2018 05:52:16    Saving data for BTC-SWIFT
07-02-2018 05:52:16    Not enough series data for BTC-SWIFT
07-02-2018 05:52:16    Saving data for BTC-SWT
07-02-2018 05:52:16    Not enough series data for BTC-SWT
07-02-2018 05:52:16    Saving data for BTC-SYNX
07-02-2018 05:52:16    Not enough series data for BTC-SYNX
07-02-2018 05:52:16    Saving data for BTC-STORJ
07-02-2018 05:52:16    Not enough series data for BTC-STORJ
07-02-2018 05:52:16    Saving data for BTC-STEEM
07-02-2018 05:52:16    Not enough series data for BTC-STEEM
07-02-2018 05:52:16    Saving data for BTC-SNT
07-02-2018 05:52:16    Not enough series data for BTC-SNT
07-02-2018 05:52:16    Saving data for BTC-SPHR
07-02-2018 05:52:16    Not enough series data for BTC-SPHR
07-02-2018 05:52:17    Saving data for BTC-SPR
07-02-2018 05:52:17    Not enough series data for BTC-SPR
07-02-2018 05:52:17    Saving data for BTC-START
07-02-2018 05:52:17    Not enough series data for BTC-START
07-02-2018 05:52:17    Saving data for BTC-SYS
07-02-2018 05:52:17    Not enough series data for BTC-SYS
07-02-2018 05:52:17    Saving data for BTC-THC
07-02-2018 05:52:17    Not enough series data for BTC-THC
07-02-2018 05:52:17    Saving data for BTC-UKG
07-02-2018 05:52:17    Not enough series data for BTC-UKG
07-02-2018 05:52:17    Saving data for BTC-UNB
07-02-2018 05:52:17    Not enough series data for BTC-UNB
07-02-2018 05:52:17    Saving data for BTC-VIA
07-02-2018 05:52:17    Not enough series data for BTC-VIA
07-02-2018 05:52:17    Saving data for BTC-VIB
07-02-2018 05:52:17    Not enough series data for BTC-VIB
07-02-2018 05:52:17    Saving data for BTC-UBQ
07-02-2018 05:52:18    Not enough series data for BTC-UBQ
07-02-2018 05:52:18    Saving data for BTC-TX
07-02-2018 05:52:18    Not enough series data for BTC-TX
07-02-2018 05:52:18    Saving data for BTC-TIX
07-02-2018 05:52:18    Not enough series data for BTC-TIX
07-02-2018 05:52:18    Saving data for BTC-TKS
07-02-2018 05:52:18    Not enough series data for BTC-TKS
07-02-2018 05:52:18    Saving data for BTC-TRST
07-02-2018 05:52:18    Not enough series data for BTC-TRST
07-02-2018 05:52:18    Saving data for BTC-TRUST
07-02-2018 05:52:18    Not enough series data for BTC-TRUST
07-02-2018 05:52:18    Saving data for BTC-MANA
07-02-2018 05:52:18    Not enough series data for BTC-MANA
07-02-2018 05:52:18    Saving data for BTC-MUE
07-02-2018 05:52:18    Not enough series data for BTC-MUE
07-02-2018 05:52:18    Saving data for BTC-CLUB
07-02-2018 05:52:18    Not enough series data for BTC-CLUB
07-02-2018 05:52:18    Saving data for BTC-CLOAK
07-02-2018 05:52:18    Not enough series data for BTC-CLOAK
07-02-2018 05:52:18    Saving data for BTC-COVAL
07-02-2018 05:52:19    Not enough series data for BTC-COVAL
07-02-2018 05:52:19    Saving data for BTC-CPC
07-02-2018 05:52:19    Not enough series data for BTC-CPC
07-02-2018 05:52:19    Saving data for BTC-CRB
07-02-2018 05:52:19    Not enough series data for BTC-CRB
07-02-2018 05:52:19    Saving data for BTC-CLAM
07-02-2018 05:52:19    Not enough series data for BTC-CLAM
07-02-2018 05:52:19    Saving data for BTC-CFI
07-02-2018 05:52:19    Not enough series data for BTC-CFI
07-02-2018 05:52:19    Saving data for BTC-BTG
07-02-2018 05:52:19    Not enough series data for BTC-BTG
07-02-2018 05:52:19    Saving data for BTC-BURST
07-02-2018 05:52:19    Not enough series data for BTC-BURST
07-02-2018 05:52:19    Saving data for BTC-BYC
07-02-2018 05:52:19    Not enough series data for BTC-BYC
07-02-2018 05:52:19    Saving data for BTC-CANN
07-02-2018 05:52:19    Not enough series data for BTC-CANN
07-02-2018 05:52:19    Saving data for BTC-CRW
07-02-2018 05:52:19    Not enough series data for BTC-CRW
07-02-2018 05:52:19    Saving data for BTC-CURE
07-02-2018 05:52:19    Not enough series data for BTC-CURE
07-02-2018 05:52:20    Saving data for BTC-DNT
07-02-2018 05:52:20    Not enough series data for BTC-DNT
07-02-2018 05:52:20    Saving data for BTC-DOGE
07-02-2018 05:52:20    Not enough series data for BTC-DOGE
07-02-2018 05:52:20    Saving data for BTC-DOPE
07-02-2018 05:52:20    Not enough series data for BTC-DOPE
07-02-2018 05:52:20    Saving data for BTC-DTB
07-02-2018 05:52:20    Not enough series data for BTC-DTB
07-02-2018 05:52:20    Saving data for BTC-DMD
07-02-2018 05:52:20    Not enough series data for BTC-DMD
07-02-2018 05:52:20    Saving data for BTC-DGB
07-02-2018 05:52:20    Not enough series data for BTC-DGB
07-02-2018 05:52:20    Saving data for BTC-CVC
07-02-2018 05:52:20    Not enough series data for BTC-CVC
07-02-2018 05:52:20    Saving data for BTC-DASH
07-02-2018 05:52:20    Not enough series data for BTC-DASH
07-02-2018 05:52:20    Saving data for BTC-DCR
07-02-2018 05:52:20    Not enough series data for BTC-DCR
07-02-2018 05:52:20    Saving data for BTC-MAID
07-02-2018 05:52:20    Not enough series data for BTC-MAID
07-02-2018 05:52:20    Saving data for BTC-BSD
07-02-2018 05:52:21    Not enough series data for BTC-BSD
07-02-2018 05:52:21    Saving data for BTC-BRX
07-02-2018 05:52:21    Not enough series data for BTC-BRX
07-02-2018 05:52:21    Saving data for BTC-AGRS
07-02-2018 05:52:21    Not enough series data for BTC-AGRS
07-02-2018 05:52:21    Saving data for BTC-AMP
07-02-2018 05:52:21    Not enough series data for BTC-AMP
07-02-2018 05:52:21    Saving data for BTC-ANT
07-02-2018 05:52:21    Not enough series data for BTC-ANT
07-02-2018 05:52:21    Saving data for BTC-ARDR
07-02-2018 05:52:21    Not enough series data for BTC-ARDR
07-02-2018 05:52:21    Saving data for BTC-AEON
07-02-2018 05:52:21    Not enough series data for BTC-AEON
07-02-2018 05:52:21    Saving data for BTC-ADX
07-02-2018 05:52:21    Not enough series data for BTC-ADX
07-02-2018 05:52:21    Saving data for BTC-2GIVE
07-02-2018 05:52:22    Not enough series data for BTC-2GIVE
07-02-2018 05:52:22    Saving data for BTC-ABY
07-02-2018 05:52:22    Not enough series data for BTC-ABY
07-02-2018 05:52:22    Saving data for BTC-ADA
07-02-2018 05:52:22    Not enough series data for BTC-ADA
07-02-2018 05:52:22    Saving data for BTC-ADT
07-02-2018 05:52:22    Not enough series data for BTC-ADT
07-02-2018 05:52:22    Saving data for BTC-ARK
07-02-2018 05:52:22    Not enough series data for BTC-ARK
07-02-2018 05:52:22    Saving data for BTC-AUR
07-02-2018 05:52:22    Not enough series data for BTC-AUR
07-02-2018 05:52:22    Saving data for BTC-BLK
07-02-2018 05:52:22    Not enough series data for BTC-BLK
07-02-2018 05:52:22    Saving data for BTC-BLOCK
07-02-2018 05:52:22    Not enough series data for BTC-BLOCK
07-02-2018 05:52:22    Saving data for BTC-BNT
07-02-2018 05:52:22    Not enough series data for BTC-BNT
07-02-2018 05:52:22    Saving data for BTC-BRK
07-02-2018 05:52:22    Not enough series data for BTC-BRK
07-02-2018 05:52:23    Saving data for BTC-BLITZ
07-02-2018 05:52:23    Not enough series data for BTC-BLITZ
07-02-2018 05:52:23    Saving data for BTC-BITB
07-02-2018 05:52:23    Not enough series data for BTC-BITB
07-02-2018 05:52:23    Saving data for BTC-BAT
07-02-2018 05:52:23    Not enough series data for BTC-BAT
07-02-2018 05:52:23    Saving data for BTC-BAY
07-02-2018 05:52:23    Not enough series data for BTC-BAY
07-02-2018 05:52:23    Saving data for BTC-BCC
07-02-2018 05:52:23    Not enough series data for BTC-BCC
07-02-2018 05:52:23    Saving data for BTC-BCY
07-02-2018 05:52:23    Not enough series data for BTC-BCY
07-02-2018 05:52:23    Saving data for BTC-DYN
07-02-2018 05:52:23    Not enough series data for BTC-DYN
07-02-2018 05:52:23    Saving data for BTC-DCT
07-02-2018 05:52:23    Not enough series data for BTC-DCT
07-02-2018 05:52:23    Saving data for BTC-GUP
07-02-2018 05:52:23    Not enough series data for BTC-GUP
07-02-2018 05:52:24    Saving data for BTC-HMQ
07-02-2018 05:52:24    Not enough series data for BTC-HMQ
07-02-2018 05:52:24    Saving data for BTC-IGNIS
07-02-2018 05:52:24    Not enough series data for BTC-IGNIS
07-02-2018 05:52:24    Saving data for BTC-INCNT
07-02-2018 05:52:24    Not enough series data for BTC-INCNT
07-02-2018 05:52:24    Saving data for BTC-EBST
07-02-2018 05:52:24    Not enough series data for BTC-EBST
07-02-2018 05:52:24    Saving data for BTC-GRC
07-02-2018 05:52:24    Not enough series data for BTC-GRC
07-02-2018 05:52:24    Saving data for BTC-GLD
07-02-2018 05:52:24    Not enough series data for BTC-GLD
07-02-2018 05:52:24    Saving data for BTC-GNO
07-02-2018 05:52:24    Not enough series data for BTC-GNO
07-02-2018 05:52:24    Saving data for BTC-GNT
07-02-2018 05:52:24    Not enough series data for BTC-GNT
07-02-2018 05:52:24    Saving data for BTC-GOLOS
07-02-2018 05:52:24    Not enough series data for BTC-GOLOS
07-02-2018 05:52:24    Saving data for BTC-INFX
07-02-2018 05:52:24    Not enough series data for BTC-INFX
07-02-2018 05:52:24    Saving data for BTC-IOC
07-02-2018 05:52:24    Not enough series data for BTC-IOC
07-02-2018 05:52:24    Saving data for BTC-LMC
07-02-2018 05:52:25    Not enough series data for BTC-LMC
07-02-2018 05:52:25    Saving data for BTC-LSK
07-02-2018 05:52:25    Not enough series data for BTC-LSK
07-02-2018 05:52:25    Saving data for BTC-LTC
07-02-2018 05:52:25    Not enough series data for BTC-LTC
07-02-2018 05:52:25    Saving data for BTC-LUN
07-02-2018 05:52:25    Not enough series data for BTC-LUN
07-02-2018 05:52:25    Saving data for BTC-LGD
07-02-2018 05:52:25    Not enough series data for BTC-LGD
07-02-2018 05:52:26    Saving data for BTC-LBC
07-02-2018 05:52:26    Not enough series data for BTC-LBC
07-02-2018 05:52:26    Saving data for BTC-ION
07-02-2018 05:52:26    Not enough series data for BTC-ION
07-02-2018 05:52:26    Saving data for BTC-IOP
07-02-2018 05:52:26    Not enough series data for BTC-IOP
07-02-2018 05:52:26    Saving data for BTC-KMD
07-02-2018 05:52:26    Not enough series data for BTC-KMD
07-02-2018 05:52:26    Saving data for BTC-KORE
07-02-2018 05:52:26    Not enough series data for BTC-KORE
07-02-2018 05:52:26    Saving data for BTC-GEO
07-02-2018 05:52:26    Not enough series data for BTC-GEO
07-02-2018 05:52:26    Saving data for BTC-GRS
07-02-2018 05:52:26    Not enough series data for BTC-GRS
07-02-2018 05:52:26    Saving data for BTC-ENRG
07-02-2018 05:52:26    Not enough series data for BTC-ENRG
07-02-2018 05:52:26    Saving data for BTC-ERC
07-02-2018 05:52:27    Not enough series data for BTC-ERC
07-02-2018 05:52:27    Saving data for BTC-ETC
07-02-2018 05:52:27    Not enough series data for BTC-ETC
07-02-2018 05:52:27    Saving data for BTC-ETH
07-02-2018 05:52:27    Not enough series data for BTC-ETH
07-02-2018 05:52:27    Saving data for BTC-ENG
07-02-2018 05:52:27    Not enough series data for BTC-ENG
07-02-2018 05:52:27    Saving data for BTC-GCR
07-02-2018 05:52:27    Not enough series data for BTC-GCR
07-02-2018 05:52:27    Saving data for BTC-EDG
07-02-2018 05:52:27    Not enough series data for BTC-EDG
07-02-2018 05:52:27    Saving data for BTC-EFL
07-02-2018 05:52:27    Not enough series data for BTC-EFL
07-02-2018 05:52:27    Saving data for BTC-EGC
07-02-2018 05:52:27    Not enough series data for BTC-EGC
07-02-2018 05:52:27    Saving data for BTC-EMC
07-02-2018 05:52:27    Not enough series data for BTC-EMC
07-02-2018 05:52:27    Saving data for BTC-EXCL
07-02-2018 05:52:27    Not enough series data for BTC-EXCL
07-02-2018 05:52:28    Saving data for BTC-EMC2
07-02-2018 05:52:28    Not enough series data for BTC-EMC2
07-02-2018 05:52:28    Saving data for BTC-GAM
07-02-2018 05:52:28    Not enough series data for BTC-GAM
07-02-2018 05:52:28    Saving data for BTC-GAME
07-02-2018 05:52:28    Not enough series data for BTC-GAME
07-02-2018 05:52:28    Saving data for BTC-GBG
07-02-2018 05:52:28    Not enough series data for BTC-GBG
07-02-2018 05:52:28    Saving data for BTC-EXP
07-02-2018 05:52:28    Not enough series data for BTC-EXP
07-02-2018 05:52:28    Saving data for BTC-FUN
07-02-2018 05:52:28    Not enough series data for BTC-FUN
07-02-2018 05:52:28    Saving data for BTC-GBYTE
07-02-2018 05:52:28    Not enough series data for BTC-GBYTE
07-02-2018 05:52:28    Saving data for BTC-FTC
07-02-2018 05:52:28    Not enough series data for BTC-FTC
07-02-2018 05:52:28    Saving data for BTC-FCT
07-02-2018 05:52:28    Not enough series data for BTC-FCT
07-02-2018 05:52:29    Saving data for BTC-FAIR
07-02-2018 05:52:29    Not enough series data for BTC-FAIR
07-02-2018 05:52:29    Saving data for BTC-FLDC
07-02-2018 05:52:29    Not enough series data for BTC-FLDC
07-02-2018 05:52:29    Saving data for BTC-FLO
07-02-2018 05:52:29    Not enough series data for BTC-FLO
07-02-2018 05:52:29    Saving data for USDT-XVG
07-02-2018 05:52:29    Not enough series data for USDT-XVG
07-02-2018 05:52:29    Saving data for USDT-NXT
07-02-2018 05:52:29    Not enough series data for USDT-NXT
07-02-2018 05:52:29    Saving data for USDT-ETC
07-02-2018 05:52:29    Not enough series data for USDT-ETC
07-02-2018 05:52:29    Saving data for USDT-LTC
07-02-2018 05:52:29    Not enough series data for USDT-LTC
07-02-2018 05:52:29    Saving data for USDT-DASH
07-02-2018 05:52:29    Not enough series data for USDT-DASH
07-02-2018 05:52:29    Saving data for USDT-XMR
07-02-2018 05:52:29    Not enough series data for USDT-XMR
07-02-2018 05:52:30    Saving data for USDT-ETH
07-02-2018 05:52:30    Not enough series data for USDT-ETH
07-02-2018 05:52:30    Saving data for USDT-BTG
07-02-2018 05:52:30    Not enough series data for USDT-BTG
07-02-2018 05:52:30    Saving data for USDT-NEO
07-02-2018 05:52:30    Not enough series data for USDT-NEO
07-02-2018 05:52:30    Saving data for USDT-BTC
07-02-2018 05:52:30    Not enough series data for USDT-BTC
07-02-2018 05:52:30    Saving data for USDT-OMG
07-02-2018 05:52:30    Not enough series data for USDT-OMG
07-02-2018 05:52:30    Saving data for USDT-ADA
07-02-2018 05:52:30    Not enough series data for USDT-ADA
07-02-2018 05:52:30    Saving data for USDT-XRP
07-02-2018 05:52:30    Not enough series data for USDT-XRP
07-02-2018 05:52:30    Saving data for USDT-BCC
07-02-2018 05:52:30    Not enough series data for USDT-BCC
07-02-2018 05:52:30    Saving data for USDT-ZEC
07-02-2018 05:52:30    Not enough series data for USDT-ZEC
07-02-2018 05:52:30    DONE
07-02-2018 05:52:35    STARTING
07-02-2018 05:52:35    PROCESS Getting markets
07-02-2018 05:52:36    PROCESS Got markets
07-02-2018 05:52:36    Saving data for BTC-QTUM
07-02-2018 05:52:36    Not enough series data for BTC-QTUM
07-02-2018 05:52:36    Saving data for BTC-QRL
07-02-2018 05:52:36    Not enough series data for BTC-QRL
07-02-2018 05:52:36    Saving data for BTC-QWARK
07-02-2018 05:52:36    Not enough series data for BTC-QWARK
07-02-2018 05:52:36    Saving data for BTC-RADS
07-02-2018 05:52:36    Not enough series data for BTC-RADS
07-02-2018 05:52:37    Saving data for BTC-RBY
07-02-2018 05:52:37    Not enough series data for BTC-RBY
07-02-2018 05:52:37    Saving data for BTC-PTOY
07-02-2018 05:52:37    Not enough series data for BTC-PTOY
07-02-2018 05:52:37    Saving data for BTC-PTC
07-02-2018 05:52:37    Not enough series data for BTC-PTC
07-02-2018 05:52:37    Saving data for BTC-PKB
07-02-2018 05:52:37    Not enough series data for BTC-PKB
07-02-2018 05:52:37    Saving data for BTC-POT
07-02-2018 05:52:37    Not enough series data for BTC-POT
07-02-2018 05:52:37    Saving data for BTC-POWR
07-02-2018 05:52:37    Not enough series data for BTC-POWR
07-02-2018 05:52:37    Saving data for BTC-PPC
07-02-2018 05:52:37    Not enough series data for BTC-PPC
07-02-2018 05:52:37    Saving data for BTC-RCN
07-02-2018 05:52:37    Not enough series data for BTC-RCN
07-02-2018 05:52:37    Saving data for BTC-RDD
07-02-2018 05:52:37    Not enough series data for BTC-RDD
07-02-2018 05:52:37    Saving data for BTC-SEQ
07-02-2018 05:52:38    Not enough series data for BTC-SEQ
07-02-2018 05:52:38    Saving data for BTC-SHIFT
07-02-2018 05:52:38    Not enough series data for BTC-SHIFT
07-02-2018 05:52:38    Saving data for BTC-SIB
07-02-2018 05:52:38    Not enough series data for BTC-SIB
07-02-2018 05:52:38    Saving data for BTC-SLR
07-02-2018 05:52:38    Not enough series data for BTC-SLR
07-02-2018 05:52:38    Saving data for BTC-SC
07-02-2018 05:52:38    Not enough series data for BTC-SC
07-02-2018 05:52:38    Saving data for BTC-SBD
07-02-2018 05:52:38    Not enough series data for BTC-SBD
07-02-2018 05:52:38    Saving data for BTC-REP
07-02-2018 05:52:38    Not enough series data for BTC-REP
07-02-2018 05:52:38    Saving data for BTC-RISE
07-02-2018 05:52:38    Not enough series data for BTC-RISE
07-02-2018 05:52:38    Saving data for BTC-RLC
07-02-2018 05:52:39    Not enough series data for BTC-RLC
07-02-2018 05:52:39    Saving data for BTC-SALT
07-02-2018 05:52:39    Not enough series data for BTC-SALT
07-02-2018 05:52:39    Saving data for BTC-PIVX
07-02-2018 05:52:39    Not enough series data for BTC-PIVX
07-02-2018 05:52:39    Saving data for BTC-PINK
07-02-2018 05:52:39    Not enough series data for BTC-PINK
07-02-2018 05:52:39    Saving data for BTC-MUSIC
07-02-2018 05:52:39    Not enough series data for BTC-MUSIC
07-02-2018 05:52:39    Saving data for BTC-NAV
07-02-2018 05:52:39    Not enough series data for BTC-NAV
07-02-2018 05:52:39    Saving data for BTC-NBT
07-02-2018 05:52:39    Not enough series data for BTC-NBT
07-02-2018 05:52:39    Saving data for BTC-NEO
07-02-2018 05:52:39    Not enough series data for BTC-NEO
07-02-2018 05:52:40    Saving data for BTC-1ST
07-02-2018 05:52:40    Not enough series data for BTC-1ST
07-02-2018 05:52:40    Saving data for BTC-MONA
07-02-2018 05:52:40    Not enough series data for BTC-MONA
07-02-2018 05:52:40    Saving data for BTC-MCO
07-02-2018 05:52:40    Not enough series data for BTC-MCO
07-02-2018 05:52:40    Saving data for BTC-MEME
07-02-2018 05:52:40    Not enough series data for BTC-MEME
07-02-2018 05:52:40    Saving data for BTC-MER
07-02-2018 05:52:40    Not enough series data for BTC-MER
07-02-2018 05:52:40    Saving data for BTC-MLN
07-02-2018 05:52:40    Not enough series data for BTC-MLN
07-02-2018 05:52:40    Saving data for BTC-NEOS
07-02-2018 05:52:40    Not enough series data for BTC-NEOS
07-02-2018 05:52:40    Saving data for BTC-NLG
07-02-2018 05:52:40    Not enough series data for BTC-NLG
07-02-2018 05:52:40    Saving data for BTC-OMNI
07-02-2018 05:52:40    Not enough series data for BTC-OMNI
07-02-2018 05:52:41    Saving data for BTC-PART
07-02-2018 05:52:41    Not enough series data for BTC-PART
07-02-2018 05:52:41    Saving data for BTC-PAY
07-02-2018 05:52:41    Not enough series data for BTC-PAY
07-02-2018 05:52:41    Saving data for BTC-PDC
07-02-2018 05:52:41    Not enough series data for BTC-PDC
07-02-2018 05:52:41    Saving data for BTC-OMG
07-02-2018 05:52:41    Not enough series data for BTC-OMG
07-02-2018 05:52:41    Saving data for BTC-OK
07-02-2018 05:52:41    Not enough series data for BTC-OK
07-02-2018 05:52:41    Saving data for BTC-NMR
07-02-2018 05:52:41    Not enough series data for BTC-NMR
07-02-2018 05:52:42    Saving data for BTC-NXC
07-02-2018 05:52:42    Not enough series data for BTC-NXC
07-02-2018 05:52:42    Saving data for BTC-NXS
07-02-2018 05:52:42    Not enough series data for BTC-NXS
07-02-2018 05:52:42    Saving data for BTC-NXT
07-02-2018 05:52:42    Not enough series data for BTC-NXT
07-02-2018 05:52:42    Saving data for BTC-SLS
07-02-2018 05:52:42    Not enough series data for BTC-SLS
07-02-2018 05:52:42    Saving data for BTC-SNRG
07-02-2018 05:52:42    Not enough series data for BTC-SNRG
07-02-2018 05:52:42    Saving data for BTC-XDN
07-02-2018 05:52:42    Not enough series data for BTC-XDN
07-02-2018 05:52:42    Saving data for BTC-XEL
07-02-2018 05:52:42    Not enough series data for BTC-XEL
07-02-2018 05:52:42    Saving data for BTC-XEM
07-02-2018 05:52:43    Not enough series data for BTC-XEM
07-02-2018 05:52:43    Saving data for BTC-XLM
07-02-2018 05:52:43    Not enough series data for BTC-XLM
07-02-2018 05:52:43    Saving data for BTC-XCP
07-02-2018 05:52:43    Not enough series data for BTC-XCP
07-02-2018 05:52:43    Saving data for BTC-WINGS
07-02-2018 05:52:43    Not enough series data for BTC-WINGS
07-02-2018 05:52:43    Saving data for BTC-VRM
07-02-2018 05:52:43    Not enough series data for BTC-VRM
07-02-2018 05:52:43    Saving data for BTC-VTC
07-02-2018 05:52:43    Not enough series data for BTC-VTC
07-02-2018 05:52:43    Saving data for BTC-VTR
07-02-2018 05:52:43    Not enough series data for BTC-VTR
07-02-2018 05:52:43    Saving data for BTC-WAVES
07-02-2018 05:52:43    Not enough series data for BTC-WAVES
07-02-2018 05:52:44    Saving data for BTC-XMG
07-02-2018 05:52:44    Not enough series data for BTC-XMG
07-02-2018 05:52:44    Saving data for BTC-XMR
07-02-2018 05:52:44    Not enough series data for BTC-XMR
07-02-2018 05:52:44    Saving data for BTC-XZC
07-02-2018 05:52:44    Not enough series data for BTC-XZC
07-02-2018 05:52:44    Saving data for BTC-ZCL
07-02-2018 05:52:44    Not enough series data for BTC-ZCL
07-02-2018 05:52:44    Saving data for BTC-ZEC
07-02-2018 05:52:44    Not enough series data for BTC-ZEC
07-02-2018 05:52:44    Saving data for BTC-ZEN
07-02-2018 05:52:44    Not enough series data for BTC-ZEN
07-02-2018 05:52:44    Saving data for BTC-XWC
07-02-2018 05:52:44    Not enough series data for BTC-XWC
07-02-2018 05:52:44    Saving data for BTC-XVG
07-02-2018 05:52:44    Not enough series data for BTC-XVG
07-02-2018 05:52:44    Saving data for BTC-XMY
07-02-2018 05:52:45    Not enough series data for BTC-XMY
07-02-2018 05:52:45    Saving data for BTC-XRP
07-02-2018 05:52:45    Not enough series data for BTC-XRP
07-02-2018 05:52:45    Saving data for BTC-XST
07-02-2018 05:52:45    Not enough series data for BTC-XST
07-02-2018 05:52:45    Saving data for BTC-XVC
07-02-2018 05:52:45    Not enough series data for BTC-XVC
07-02-2018 05:52:45    Saving data for BTC-VRC
07-02-2018 05:52:45    Not enough series data for BTC-VRC
07-02-2018 05:52:45    Saving data for BTC-VOX
07-02-2018 05:52:45    Not enough series data for BTC-VOX
07-02-2018 05:52:45    Saving data for BTC-STRAT
07-02-2018 05:52:46    Not enough series data for BTC-STRAT
07-02-2018 05:52:46    Saving data for BTC-SWIFT
07-02-2018 05:52:46    Not enough series data for BTC-SWIFT
07-02-2018 05:52:46    Saving data for BTC-SWT
07-02-2018 05:52:46    Not enough series data for BTC-SWT
07-02-2018 05:52:46    Saving data for BTC-SYNX
07-02-2018 05:52:46    Not enough series data for BTC-SYNX
07-02-2018 05:52:46    Saving data for BTC-STORJ
07-02-2018 05:52:46    Not enough series data for BTC-STORJ
07-02-2018 05:52:46    Saving data for BTC-STEEM
07-02-2018 05:52:46    Not enough series data for BTC-STEEM
07-02-2018 05:52:46    Saving data for BTC-SNT
07-02-2018 05:52:46    Not enough series data for BTC-SNT
07-02-2018 05:52:46    Saving data for BTC-SPHR
07-02-2018 05:52:46    Not enough series data for BTC-SPHR
07-02-2018 05:52:46    Saving data for BTC-SPR
07-02-2018 05:52:47    Not enough series data for BTC-SPR
07-02-2018 05:52:47    Saving data for BTC-START
07-02-2018 05:52:47    Not enough series data for BTC-START
07-02-2018 05:52:47    Saving data for BTC-SYS
07-02-2018 05:52:47    Not enough series data for BTC-SYS
07-02-2018 05:52:47    Saving data for BTC-THC
07-02-2018 05:52:47    Not enough series data for BTC-THC
07-02-2018 05:52:47    Saving data for BTC-UKG
07-02-2018 05:52:47    Not enough series data for BTC-UKG
07-02-2018 05:52:47    Saving data for BTC-UNB
07-02-2018 05:52:47    Not enough series data for BTC-UNB
07-02-2018 05:52:47    Saving data for BTC-VIA
07-02-2018 05:52:47    Not enough series data for BTC-VIA
07-02-2018 05:52:47    Saving data for BTC-VIB
07-02-2018 05:52:47    Not enough series data for BTC-VIB
07-02-2018 05:52:47    Saving data for BTC-UBQ
07-02-2018 05:52:48    Not enough series data for BTC-UBQ
07-02-2018 05:52:48    Saving data for BTC-TX
07-02-2018 05:52:48    Not enough series data for BTC-TX
07-02-2018 05:52:48    Saving data for BTC-TIX
07-02-2018 05:52:48    Not enough series data for BTC-TIX
07-02-2018 05:52:48    Saving data for BTC-TKS
07-02-2018 05:52:48    Not enough series data for BTC-TKS
07-02-2018 05:52:48    Saving data for BTC-TRST
07-02-2018 05:52:48    Not enough series data for BTC-TRST
07-02-2018 05:52:48    Saving data for BTC-TRUST
07-02-2018 05:52:48    Not enough series data for BTC-TRUST
07-02-2018 05:52:48    Saving data for BTC-MANA
07-02-2018 05:52:48    Not enough series data for BTC-MANA
07-02-2018 05:52:48    Saving data for BTC-MUE
07-02-2018 05:52:48    Not enough series data for BTC-MUE
07-02-2018 05:52:48    Saving data for BTC-CLUB
07-02-2018 05:52:48    Not enough series data for BTC-CLUB
07-02-2018 05:52:48    Saving data for BTC-CLOAK
07-02-2018 05:52:49    Not enough series data for BTC-CLOAK
07-02-2018 05:52:49    Saving data for BTC-COVAL
07-02-2018 05:52:49    Not enough series data for BTC-COVAL
07-02-2018 05:52:49    Saving data for BTC-CPC
07-02-2018 05:52:49    Not enough series data for BTC-CPC
07-02-2018 05:52:49    Saving data for BTC-CRB
07-02-2018 05:52:49    Not enough series data for BTC-CRB
07-02-2018 05:52:49    Saving data for BTC-CLAM
07-02-2018 05:52:49    Not enough series data for BTC-CLAM
07-02-2018 05:52:49    Saving data for BTC-CFI
07-02-2018 05:52:49    Not enough series data for BTC-CFI
07-02-2018 05:52:49    Saving data for BTC-BTG
07-02-2018 05:52:49    Not enough series data for BTC-BTG
07-02-2018 05:52:49    Saving data for BTC-BURST
07-02-2018 05:52:49    Not enough series data for BTC-BURST
07-02-2018 05:52:49    Saving data for BTC-BYC
07-02-2018 05:52:49    Not enough series data for BTC-BYC
07-02-2018 05:52:50    Saving data for BTC-CANN
07-02-2018 05:52:50    Not enough series data for BTC-CANN
07-02-2018 05:52:50    Saving data for BTC-CRW
07-02-2018 05:52:50    Not enough series data for BTC-CRW
07-02-2018 05:52:50    Saving data for BTC-CURE
07-02-2018 05:52:50    Not enough series data for BTC-CURE
07-02-2018 05:52:50    Saving data for BTC-DNT
07-02-2018 05:52:50    Not enough series data for BTC-DNT
07-02-2018 05:52:50    Saving data for BTC-DOGE
07-02-2018 05:52:50    Not enough series data for BTC-DOGE
07-02-2018 05:52:50    Saving data for BTC-DOPE
07-02-2018 05:52:50    Not enough series data for BTC-DOPE
07-02-2018 05:52:50    Saving data for BTC-DTB
07-02-2018 05:52:50    Not enough series data for BTC-DTB
07-02-2018 05:52:50    Saving data for BTC-DMD
07-02-2018 05:52:50    Not enough series data for BTC-DMD
07-02-2018 05:52:50    Saving data for BTC-DGB
07-02-2018 05:52:51    Not enough series data for BTC-DGB
07-02-2018 05:52:51    Saving data for BTC-CVC
07-02-2018 05:52:51    Not enough series data for BTC-CVC
07-02-2018 05:52:51    Saving data for BTC-DASH
07-02-2018 05:52:51    Not enough series data for BTC-DASH
07-02-2018 05:52:51    Saving data for BTC-DCR
07-02-2018 05:52:51    Not enough series data for BTC-DCR
07-02-2018 05:52:51    Saving data for BTC-MAID
07-02-2018 05:52:51    Not enough series data for BTC-MAID
07-02-2018 05:52:51    Saving data for BTC-BSD
07-02-2018 05:52:51    Not enough series data for BTC-BSD
07-02-2018 05:52:51    Saving data for BTC-BRX
07-02-2018 05:52:51    Not enough series data for BTC-BRX
07-02-2018 05:52:51    Saving data for BTC-AGRS
07-02-2018 05:52:52    Not enough series data for BTC-AGRS
07-02-2018 05:52:52    Saving data for BTC-AMP
07-02-2018 05:52:52    Not enough series data for BTC-AMP
07-02-2018 05:52:52    Saving data for BTC-ANT
07-02-2018 05:52:52    Not enough series data for BTC-ANT
07-02-2018 05:52:52    Saving data for BTC-ARDR
07-02-2018 05:52:52    Not enough series data for BTC-ARDR
07-02-2018 05:52:52    Saving data for BTC-AEON
07-02-2018 05:52:52    Not enough series data for BTC-AEON
07-02-2018 05:52:52    Saving data for BTC-ADX
07-02-2018 05:52:52    Not enough series data for BTC-ADX
07-02-2018 05:52:52    Saving data for BTC-2GIVE
07-02-2018 05:52:52    Not enough series data for BTC-2GIVE
07-02-2018 05:52:52    Saving data for BTC-ABY
07-02-2018 05:52:52    Not enough series data for BTC-ABY
07-02-2018 05:52:52    Saving data for BTC-ADA
07-02-2018 05:52:52    Not enough series data for BTC-ADA
07-02-2018 05:52:52    Saving data for BTC-ADT
07-02-2018 05:52:53    Not enough series data for BTC-ADT
07-02-2018 05:52:53    Saving data for BTC-ARK
07-02-2018 05:52:53    Not enough series data for BTC-ARK
07-02-2018 05:52:53    Saving data for BTC-AUR
07-02-2018 05:52:53    Not enough series data for BTC-AUR
07-02-2018 05:52:53    Saving data for BTC-BLK
07-02-2018 05:52:53    Not enough series data for BTC-BLK
07-02-2018 05:52:53    Saving data for BTC-BLOCK
07-02-2018 05:52:53    Not enough series data for BTC-BLOCK
07-02-2018 05:52:53    Saving data for BTC-BNT
07-02-2018 05:52:53    Not enough series data for BTC-BNT
07-02-2018 05:52:53    Saving data for BTC-BRK
07-02-2018 05:52:53    Not enough series data for BTC-BRK
07-02-2018 05:52:53    Saving data for BTC-BLITZ
07-02-2018 05:52:53    Not enough series data for BTC-BLITZ
07-02-2018 05:52:53    Saving data for BTC-BITB
07-02-2018 05:52:54    Not enough series data for BTC-BITB
07-02-2018 05:52:54    Saving data for BTC-BAT
07-02-2018 05:52:54    Not enough series data for BTC-BAT
07-02-2018 05:52:54    Saving data for BTC-BAY
07-02-2018 05:52:54    Not enough series data for BTC-BAY
07-02-2018 05:52:54    Saving data for BTC-BCC
07-02-2018 05:52:54    Not enough series data for BTC-BCC
07-02-2018 05:52:54    Saving data for BTC-BCY
07-02-2018 05:52:54    Not enough series data for BTC-BCY
07-02-2018 05:52:54    Saving data for BTC-DYN
07-02-2018 05:52:54    Not enough series data for BTC-DYN
07-02-2018 05:52:54    Saving data for BTC-DCT
07-02-2018 05:52:54    Not enough series data for BTC-DCT
07-02-2018 05:52:54    Saving data for BTC-GUP
07-02-2018 05:52:54    Not enough series data for BTC-GUP
07-02-2018 05:52:54    Saving data for BTC-HMQ
07-02-2018 05:52:54    Not enough series data for BTC-HMQ
07-02-2018 05:52:55    Saving data for BTC-IGNIS
07-02-2018 05:52:55    Not enough series data for BTC-IGNIS
07-02-2018 05:52:55    Saving data for BTC-INCNT
07-02-2018 05:52:55    Not enough series data for BTC-INCNT
07-02-2018 05:52:55    Saving data for BTC-EBST
07-02-2018 05:52:55    Not enough series data for BTC-EBST
07-02-2018 05:52:55    Saving data for BTC-GRC
07-02-2018 05:52:55    Not enough series data for BTC-GRC
07-02-2018 05:52:55    Saving data for BTC-GLD
07-02-2018 05:52:55    Not enough series data for BTC-GLD
07-02-2018 05:52:55    Saving data for BTC-GNO
07-02-2018 05:52:55    Not enough series data for BTC-GNO
07-02-2018 05:52:55    Saving data for BTC-GNT
07-02-2018 05:52:55    Not enough series data for BTC-GNT
07-02-2018 05:52:55    Saving data for BTC-GOLOS
07-02-2018 05:52:55    Not enough series data for BTC-GOLOS
07-02-2018 05:52:55    Saving data for BTC-INFX
07-02-2018 05:52:56    Not enough series data for BTC-INFX
07-02-2018 05:52:56    Saving data for BTC-IOC
07-02-2018 05:52:56    Not enough series data for BTC-IOC
07-02-2018 05:52:56    Saving data for BTC-LMC
07-02-2018 05:52:56    Not enough series data for BTC-LMC
07-02-2018 05:52:56    Saving data for BTC-LSK
07-02-2018 05:52:56    Not enough series data for BTC-LSK
07-02-2018 05:52:56    Saving data for BTC-LTC
07-02-2018 05:52:56    Not enough series data for BTC-LTC
07-02-2018 05:52:56    Saving data for BTC-LUN
07-02-2018 05:52:56    Not enough series data for BTC-LUN
07-02-2018 05:52:56    Saving data for BTC-LGD
07-02-2018 05:52:56    Not enough series data for BTC-LGD
07-02-2018 05:52:56    Saving data for BTC-LBC
07-02-2018 05:52:56    Not enough series data for BTC-LBC
07-02-2018 05:52:57    Saving data for BTC-ION
07-02-2018 05:52:57    Not enough series data for BTC-ION
07-02-2018 05:52:57    Saving data for BTC-IOP
07-02-2018 05:52:57    Not enough series data for BTC-IOP
07-02-2018 05:52:57    Saving data for BTC-KMD
07-02-2018 05:52:57    Not enough series data for BTC-KMD
07-02-2018 05:52:57    Saving data for BTC-KORE
07-02-2018 05:52:58    Not enough series data for BTC-KORE
07-02-2018 05:52:58    Saving data for BTC-GEO
07-02-2018 05:52:58    Not enough series data for BTC-GEO
07-02-2018 05:52:58    Saving data for BTC-GRS
07-02-2018 05:52:58    Not enough series data for BTC-GRS
07-02-2018 05:52:58    Saving data for BTC-ENRG
07-02-2018 05:52:58    Not enough series data for BTC-ENRG
07-02-2018 05:52:58    Saving data for BTC-ERC
07-02-2018 05:52:58    Not enough series data for BTC-ERC
07-02-2018 05:52:58    Saving data for BTC-ETC
07-02-2018 05:52:59    Not enough series data for BTC-ETC
07-02-2018 05:52:59    Saving data for BTC-ETH
07-02-2018 05:52:59    Not enough series data for BTC-ETH
07-02-2018 05:52:59    Saving data for BTC-ENG
07-02-2018 05:52:59    Not enough series data for BTC-ENG
07-02-2018 05:52:59    Saving data for BTC-GCR
07-02-2018 05:52:59    Not enough series data for BTC-GCR
07-02-2018 05:52:59    Saving data for BTC-EDG
07-02-2018 05:52:59    Not enough series data for BTC-EDG
07-02-2018 05:52:59    Saving data for BTC-EFL
07-02-2018 05:52:59    Not enough series data for BTC-EFL
07-02-2018 05:52:59    Saving data for BTC-EGC
07-02-2018 05:53:00    Not enough series data for BTC-EGC
07-02-2018 05:53:00    Saving data for BTC-EMC
07-02-2018 05:53:00    Not enough series data for BTC-EMC
07-02-2018 05:53:00    Saving data for BTC-EXCL
07-02-2018 05:53:00    Not enough series data for BTC-EXCL
07-02-2018 05:53:00    Saving data for BTC-EMC2
07-02-2018 05:53:00    Not enough series data for BTC-EMC2
07-02-2018 05:53:00    Saving data for BTC-GAM
07-02-2018 05:53:00    Not enough series data for BTC-GAM
07-02-2018 05:53:00    Saving data for BTC-GAME
07-02-2018 05:53:00    Not enough series data for BTC-GAME
07-02-2018 05:53:00    Saving data for BTC-GBG
07-02-2018 05:53:00    Not enough series data for BTC-GBG
07-02-2018 05:53:01    Saving data for BTC-EXP
07-02-2018 05:53:01    Not enough series data for BTC-EXP
07-02-2018 05:53:01    Saving data for BTC-FUN
07-02-2018 05:53:01    Not enough series data for BTC-FUN
07-02-2018 05:53:01    Saving data for BTC-GBYTE
07-02-2018 05:53:01    Not enough series data for BTC-GBYTE
07-02-2018 05:53:01    Saving data for BTC-FTC
07-02-2018 05:53:01    Not enough series data for BTC-FTC
07-02-2018 05:53:01    Saving data for BTC-FCT
07-02-2018 05:53:01    Not enough series data for BTC-FCT
07-02-2018 05:53:01    Saving data for BTC-FAIR
07-02-2018 05:53:01    Not enough series data for BTC-FAIR
07-02-2018 05:53:01    Saving data for BTC-FLDC
07-02-2018 05:53:02    Not enough series data for BTC-FLDC
07-02-2018 05:53:02    Saving data for BTC-FLO
07-02-2018 05:53:02    Not enough series data for BTC-FLO
07-02-2018 05:53:02    Saving data for USDT-XVG
07-02-2018 05:53:02    Not enough series data for USDT-XVG
07-02-2018 05:53:02    Saving data for USDT-NXT
07-02-2018 05:53:02    Not enough series data for USDT-NXT
07-02-2018 05:53:02    Saving data for USDT-ETC
07-02-2018 05:53:02    Not enough series data for USDT-ETC
07-02-2018 05:53:02    Saving data for USDT-LTC
07-02-2018 05:53:02    Not enough series data for USDT-LTC
07-02-2018 05:53:02    Saving data for USDT-DASH
07-02-2018 05:53:02    Not enough series data for USDT-DASH
07-02-2018 05:53:02    Saving data for USDT-XMR
07-02-2018 05:53:02    Not enough series data for USDT-XMR
07-02-2018 05:53:03    Saving data for USDT-ETH
07-02-2018 05:53:03    Not enough series data for USDT-ETH
07-02-2018 05:53:03    Saving data for USDT-BTG
07-02-2018 05:53:03    Not enough series data for USDT-BTG
07-02-2018 05:53:03    Saving data for USDT-NEO
07-02-2018 05:53:03    Not enough series data for USDT-NEO
07-02-2018 05:53:03    Saving data for USDT-BTC
07-02-2018 05:53:03    Not enough series data for USDT-BTC
07-02-2018 05:53:03    Saving data for USDT-OMG
07-02-2018 05:53:03    Not enough series data for USDT-OMG
07-02-2018 05:53:03    Saving data for USDT-ADA
07-02-2018 05:53:03    Not enough series data for USDT-ADA
07-02-2018 05:53:03    Saving data for USDT-XRP
07-02-2018 05:53:03    Not enough series data for USDT-XRP
07-02-2018 05:53:03    Saving data for USDT-BCC
07-02-2018 05:53:03    Not enough series data for USDT-BCC
07-02-2018 05:53:03    Saving data for USDT-ZEC
07-02-2018 05:53:03    Not enough series data for USDT-ZEC
07-02-2018 05:53:03    DONE
